[    0.000000] Linux version 4.15.0-212-generic (buildd@lcy02-amd64-083) (gcc version 7.5.0 (Ubuntu 7.5.0-3ubuntu1~18.04)) #223-Ubuntu SMP Tue May 23 13:09:22 UTC 2023 (Ubuntu 4.15.0-212.223-generic 4.15.18)
[    0.000000] Command line: BOOT_IMAGE=/boot/vmlinuz-4.15.0-212-generic root=LABEL=cloudimg-rootfs ro console=tty1 console=ttyS0
[    0.000000] KERNEL supported cpus:
[    0.000000]   Intel GenuineIntel
[    0.000000]   AMD AuthenticAMD
[    0.000000]   Centaur CentaurHauls
[    0.000000] x86/fpu: Supporting XSAVE feature 0x001: 'x87 floating point registers'
[    0.000000] x86/fpu: Supporting XSAVE feature 0x002: 'SSE registers'
[    0.000000] x86/fpu: Supporting XSAVE feature 0x004: 'AVX registers'
[    0.000000] x86/fpu: xstate_offset[2]:  576, xstate_sizes[2]:  256
[    0.000000] x86/fpu: Enabled xstate features 0x7, context size is 832 bytes, using 'standard' format.
[    0.000000] e820: BIOS-provided physical RAM map:
[    0.000000] BIOS-e820: [mem 0x0000000000000000-0x000000000009fbff] usable
[    0.000000] BIOS-e820: [mem 0x000000000009fc00-0x000000000009ffff] reserved
[    0.000000] BIOS-e820: [mem 0x00000000000f0000-0x00000000000fffff] reserved
[    0.000000] BIOS-e820: [mem 0x0000000000100000-0x000000003ffeffff] usable
[    0.000000] BIOS-e820: [mem 0x000000003fff0000-0x000000003fffffff] ACPI data
[    0.000000] BIOS-e820: [mem 0x00000000fec00000-0x00000000fec00fff] reserved
[    0.000000] BIOS-e820: [mem 0x00000000fee00000-0x00000000fee00fff] reserved
[    0.000000] BIOS-e820: [mem 0x00000000fffc0000-0x00000000ffffffff] reserved
[    0.000000] NX (Execute Disable) protection: active
[    0.000000] SMBIOS 2.5 present.
[    0.000000] DMI: innotek GmbH VirtualBox/VirtualBox, BIOS VirtualBox 12/01/2006
[    0.000000] Hypervisor detected: KVM
[    0.000000] e820: last_pfn = 0x3fff0 max_arch_pfn = 0x400000000
[    0.000000] x86/PAT: Configuration [0-7]: WB  WC  UC- UC  WB  WP  UC- WT  
[    0.000000] found SMP MP-table at [mem 0x0009fbf0-0x0009fbff]
[    0.000000] Scanning 1 areas for low memory corruption
[    0.000000] RAMDISK: [mem 0x359cb000-0x36cdcfff]
[    0.000000] ACPI: Early table checksum verification disabled
[    0.000000] ACPI: RSDP 0x00000000000E0000 000024 (v02 VBOX  )
[    0.000000] ACPI: XSDT 0x000000003FFF0030 00003C (v01 VBOX   VBOXXSDT 00000001 ASL  00000061)
[    0.000000] ACPI: FACP 0x000000003FFF00F0 0000F4 (v04 VBOX   VBOXFACP 00000001 ASL  00000061)
[    0.000000] ACPI: DSDT 0x000000003FFF0610 002353 (v02 VBOX   VBOXBIOS 00000002 INTL 20240927)
[    0.000000] ACPI: FACS 0x000000003FFF0200 000040
[    0.000000] ACPI: FACS 0x000000003FFF0200 000040
[    0.000000] ACPI: APIC 0x000000003FFF0240 00005C (v02 VBOX   VBOXAPIC 00000001 ASL  00000061)
[    0.000000] ACPI: SSDT 0x000000003FFF02A0 00036C (v01 VBOX   VBOXCPUT 00000002 INTL 20240927)
[    0.000000] ACPI: Reserving FACP table memory at [mem 0x3fff00f0-0x3fff01e3]
[    0.000000] ACPI: Reserving DSDT table memory at [mem 0x3fff0610-0x3fff2962]
[    0.000000] ACPI: Reserving FACS table memory at [mem 0x3fff0200-0x3fff023f]
[    0.000000] ACPI: Reserving FACS table memory at [mem 0x3fff0200-0x3fff023f]
[    0.000000] ACPI: Reserving APIC table memory at [mem 0x3fff0240-0x3fff029b]
[    0.000000] ACPI: Reserving SSDT table memory at [mem 0x3fff02a0-0x3fff060b]
[    0.000000] No NUMA configuration found
[    0.000000] Faking a node at [mem 0x0000000000000000-0x000000003ffeffff]
[    0.000000] NODE_DATA(0) allocated [mem 0x3ffc5000-0x3ffeffff]
[    0.000000] kvm-clock: cpu 0, msr 0:3ff44001, primary cpu clock
[    0.000000] kvm-clock: Using msrs 4b564d01 and 4b564d00
[    0.000000] kvm-clock: using sched offset of 3147617786 cycles
[    0.000000] clocksource: kvm-clock: mask: 0xffffffffffffffff max_cycles: 0x1cd42e4dffb, max_idle_ns: 881590591483 ns
[    0.000000] Zone ranges:
[    0.000000]   DMA      [mem 0x0000000000001000-0x0000000000ffffff]
[    0.000000]   DMA32    [mem 0x0000000001000000-0x000000003ffeffff]
[    0.000000]   Normal   empty
[    0.000000]   Device   empty
[    0.000000] Movable zone start for each node
[    0.000000] Early memory node ranges
[    0.000000]   node   0: [mem 0x0000000000001000-0x000000000009efff]
[    0.000000]   node   0: [mem 0x0000000000100000-0x000000003ffeffff]
[    0.000000] Reserved but unavailable: 104 pages
[    0.000000] Initmem setup node 0 [mem 0x0000000000001000-0x000000003ffeffff]
[    0.000000] ACPI: PM-Timer IO Port: 0x4008
[    0.000000] IOAPIC[0]: apic_id 2, version 32, address 0xfec00000, GSI 0-23
[    0.000000] ACPI: INT_SRC_OVR (bus 0 bus_irq 0 global_irq 2 dfl dfl)
[    0.000000] ACPI: INT_SRC_OVR (bus 0 bus_irq 9 global_irq 9 low level)
[    0.000000] Using ACPI (MADT) for SMP configuration information
[    0.000000] smpboot: Allowing 2 CPUs, 0 hotplug CPUs
[    0.000000] PM: Registered nosave memory: [mem 0x00000000-0x00000fff]
[    0.000000] PM: Registered nosave memory: [mem 0x0009f000-0x0009ffff]
[    0.000000] PM: Registered nosave memory: [mem 0x000a0000-0x000effff]
[    0.000000] PM: Registered nosave memory: [mem 0x000f0000-0x000fffff]
[    0.000000] e820: [mem 0x40000000-0xfebfffff] available for PCI devices
[    0.000000] Booting paravirtualized kernel on KVM
[    0.000000] clocksource: refined-jiffies: mask: 0xffffffff max_cycles: 0xffffffff, max_idle_ns: 7645519600211568 ns
[    0.000000] setup_percpu: NR_CPUS:8192 nr_cpumask_bits:2 nr_cpu_ids:2 nr_node_ids:1
[    0.000000] percpu: Embedded 50 pages/cpu s167936 r8192 d28672 u1048576
[    0.000000] PV qspinlock hash table entries: 256 (order: 0, 4096 bytes)
[    0.000000] Built 1 zonelists, mobility grouping on.  Total pages: 257913
[    0.000000] Policy zone: DMA32
[    0.000000] Kernel command line: BOOT_IMAGE=/boot/vmlinuz-4.15.0-212-generic root=LABEL=cloudimg-rootfs ro console=tty1 console=ttyS0
[    0.000000] Memory: 982644K/1048120K available (12300K kernel code, 2477K rwdata, 4324K rodata, 2480K init, 2720K bss, 65476K reserved, 0K cma-reserved)
[    0.000000] SLUB: HWalign=64, Order=0-3, MinObjects=0, CPUs=2, Nodes=1
[    0.000000] Kernel/User page tables isolation: enabled
[    0.000000] ftrace: allocating 39508 entries in 155 pages
[    0.004000] Hierarchical RCU implementation.
[    0.004000] 	RCU restricting CPUs from NR_CPUS=8192 to nr_cpu_ids=2.
[    0.004000] 	Tasks RCU enabled.
[    0.004000] RCU: Adjusting geometry for rcu_fanout_leaf=16, nr_cpu_ids=2
[    0.004000] NR_IRQS: 524544, nr_irqs: 440, preallocated irqs: 16
[    0.004000] random: crng init done
[    0.004000] Console: colour VGA+ 80x25
[    0.004000] console [tty1] enabled
[    0.004000] console [ttyS0] enabled
[    0.004000] ACPI: Core revision 20170831
[    0.004000] ACPI: 2 ACPI AML tables successfully acquired and loaded
[    0.004000] APIC: Switch to symmetric I/O mode setup
[    0.004000] x2apic enabled
[    0.004000] Switched APIC routing to physical x2apic.
[    0.004000] ..TIMER: vector=0x30 apic1=0 pin1=2 apic2=-1 pin2=-1
[    0.004000] tsc: Detected 2111.994 MHz processor
[    0.004000] Calibrating delay loop (skipped) preset value.. 4223.98 BogoMIPS (lpj=8447976)
[    0.004000] pid_max: default: 32768 minimum: 301
[    0.004000] Security Framework initialized
[    0.004000] Yama: becoming mindful.
[    0.004000] AppArmor: AppArmor initialized
[    0.004000] Dentry cache hash table entries: 131072 (order: 8, 1048576 bytes)
[    0.004000] Inode-cache hash table entries: 65536 (order: 7, 524288 bytes)
[    0.004000] Mount-cache hash table entries: 2048 (order: 2, 16384 bytes)
[    0.004000] Mountpoint-cache hash table entries: 2048 (order: 2, 16384 bytes)
[    0.004000] Last level iTLB entries: 4KB 128, 2MB 8, 4MB 8
[    0.004000] Last level dTLB entries: 4KB 64, 2MB 0, 4MB 0, 1GB 4
[    0.004000] Spectre V1 : Mitigation: usercopy/swapgs barriers and __user pointer sanitization
[    0.004000] Spectre V2 : Mitigation: Retpolines
[    0.004000] Spectre V2 : Spectre v2 / SpectreRSB mitigation: Filling RSB on context switch
[    0.004000] Spectre V2 : Spectre v2 / SpectreRSB : Filling RSB on VMEXIT
[    0.004000] RETBleed: WARNING: Spectre v2 mitigation leaves CPU vulnerable to RETBleed attacks, data leaks possible!
[    0.004000] RETBleed: Vulnerable
[    0.004000] Speculative Store Bypass: Vulnerable
[    0.004000] MDS: Mitigation: Clear CPU buffers
[    0.004000] MMIO Stale Data: Mitigation: Clear CPU buffers
[    0.004000] SRBDS: Unknown: Dependent on hypervisor status
[    0.004000] Freeing SMP alternatives memory: 36K
[    0.131175] APIC calibration not consistent with PM-Timer: 107ms instead of 100ms
[    0.132000] APIC delta adjusted to PM-Timer: 6474878 (6940026)
[    0.132046] smpboot: CPU0: Intel(R) Core(TM) i7-8650U CPU @ 1.90GHz (family: 0x6, model: 0x8e, stepping: 0xa)
[    0.133598] Performance Events: unsupported p6 CPU model 142 no PMU driver, software events only.
[    0.134955] Hierarchical SRCU implementation.
[    0.136000] NMI watchdog: Perf event create on CPU 0 failed with -2
[    0.136001] NMI watchdog: Perf NMI watchdog permanently disabled
[    0.136898] smp: Bringing up secondary CPUs ...
[    0.137712] x86: Booting SMP configuration:
[    0.138400] .... node  #0, CPUs:      #1
[    0.004000] kvm-clock: cpu 1, msr 0:3ff44041, secondary cpu clock
[    0.142223] smp: Brought up 1 node, 2 CPUs
[    0.142223] smpboot: Max logical packages: 1
[    0.142223] smpboot: Total of 2 processors activated (8447.97 BogoMIPS)
[    0.144287] devtmpfs: initialized
[    0.144576] x86/mm: Memory block size: 128MB
[    0.145345] evm: security.selinux
[    0.145868] evm: security.SMACK64
[    0.146451] evm: security.SMACK64EXEC
[    0.147058] evm: security.SMACK64TRANSMUTE
[    0.148002] evm: security.SMACK64MMAP
[    0.148562] evm: security.apparmor
[    0.149092] evm: security.ima
[    0.149566] evm: security.capability
[    0.150175] clocksource: jiffies: mask: 0xffffffff max_cycles: 0xffffffff, max_idle_ns: 7645041785100000 ns
[    0.150175] futex hash table entries: 512 (order: 3, 32768 bytes)
[    0.152041] pinctrl core: initialized pinctrl subsystem
[    0.153180] RTC time: 16:59:00, date: 02/25/25
[    0.154058] NET: Registered protocol family 16
[    0.154811] audit: initializing netlink subsys (disabled)
[    0.156020] audit: type=2000 audit(1740502744.797:1): state=initialized audit_enabled=0 res=1
[    0.157248] cpuidle: using governor ladder
[    0.157248] cpuidle: using governor menu
[    0.157297] ACPI: bus type PCI registered
[    0.157902] acpiphp: ACPI Hot Plug PCI Controller Driver version: 0.5
[    0.160075] PCI: Using configuration type 1 for base access
[    0.160946] HugeTLB registered 2.00 MiB page size, pre-allocated 0 pages
[    0.161008] ACPI: Added _OSI(Module Device)
[    0.164003] ACPI: Added _OSI(Processor Device)
[    0.164716] ACPI: Added _OSI(3.0 _SCP Extensions)
[    0.165404] ACPI: Added _OSI(Processor Aggregator Device)
[    0.166235] ACPI: Added _OSI(Linux-Dell-Video)
[    0.166952] ACPI: Added _OSI(Linux-Lenovo-NV-HDMI-Audio)
[    0.168001] ACPI: Added _OSI(Linux-HPI-Hybrid-Graphics)
[    0.168973] ACPI: Executed 1 blocks of module-level executable AML code
[    0.173552] ACPI: Interpreter enabled
[    0.174246] ACPI: (supports S0 S5)
[    0.174871] ACPI: Using IOAPIC for interrupt routing
[    0.175872] PCI: Using host bridge windows from ACPI; if necessary, use "pci=nocrs" and report a bug
[    0.176142] ACPI: Enabled 2 GPEs in block 00 to 07
[    0.183761] ACPI: PCI Root Bridge [PCI0] (domain 0000 [bus 00-ff])
[    0.184006] acpi PNP0A03:00: _OSC: OS supports [ASPM ClockPM Segments MSI]
[    0.185578] acpi PNP0A03:00: _OSC: not requesting OS control; OS requires [ExtendedConfig ASPM ClockPM MSI]
[    0.187050] acpi PNP0A03:00: fail to add MMCONFIG information, can't access extended PCI configuration space under this bridge.
[    0.188330] PCI host bridge to bus 0000:00
[    0.190175] pci_bus 0000:00: root bus resource [io  0x0000-0x0cf7 window]
[    0.192002] pci_bus 0000:00: root bus resource [io  0x0d00-0xffff window]
[    0.193081] pci_bus 0000:00: root bus resource [mem 0x000a0000-0x000bffff window]
[    0.194314] pci_bus 0000:00: root bus resource [mem 0x40000000-0xfdffffff window]
[    0.195527] pci_bus 0000:00: root bus resource [bus 00-ff]
[    0.197449] pci 0000:00:01.1: legacy IDE quirk: reg 0x10: [io  0x01f0-0x01f7]
[    0.198564] pci 0000:00:01.1: legacy IDE quirk: reg 0x14: [io  0x03f6]
[    0.199602] pci 0000:00:01.1: legacy IDE quirk: reg 0x18: [io  0x0170-0x0177]
[    0.200002] pci 0000:00:01.1: legacy IDE quirk: reg 0x1c: [io  0x0376]
[    0.211659] pci 0000:00:07.0: quirk: [io  0x4000-0x403f] claimed by PIIX4 ACPI
[    0.212015] pci 0000:00:07.0: quirk: [io  0x4100-0x410f] claimed by PIIX4 SMB
[    0.220106] ACPI: PCI Interrupt Link [LNKA] (IRQs 5 9 10 *11)
[    0.221306] ACPI: PCI Interrupt Link [LNKB] (IRQs 5 9 *10 11)
[    0.222271] ACPI: PCI Interrupt Link [LNKC] (IRQs 5 *9 10 11)
[    0.223229] ACPI: PCI Interrupt Link [LNKD] (IRQs 5 9 10 *11)
[    0.224269] SCSI subsystem initialized
[    0.224895] pci 0000:00:02.0: vgaarb: setting as boot VGA device
[    0.224895] pci 0000:00:02.0: vgaarb: VGA device added: decodes=io+mem,owns=io+mem,locks=none
[    0.226171] pci 0000:00:02.0: vgaarb: bridge control possible
[    0.226982] vgaarb: loaded
[    0.228027] ACPI: bus type USB registered
[    0.228697] usbcore: registered new interface driver usbfs
[    0.229522] usbcore: registered new interface driver hub
[    0.230289] usbcore: registered new device driver usb
[    0.231108] EDAC MC: Ver: 3.0.0
[    0.232049] PCI: Using ACPI for IRQ routing
[    0.232878] NetLabel: Initializing
[    0.233415] NetLabel:  domain hash size = 128
[    0.234063] NetLabel:  protocols = UNLABELED CIPSOv4 CALIPSO
[    0.234063] NetLabel:  unlabeled traffic allowed by default
[    0.234063] clocksource: Switched to clocksource kvm-clock
[    0.241447] VFS: Disk quotas dquot_6.6.0
[    0.242150] VFS: Dquot-cache hash table entries: 512 (order 0, 4096 bytes)
[    0.243186] AppArmor: AppArmor Filesystem Enabled
[    0.243904] pnp: PnP ACPI init
[    0.245374] pnp: PnP ACPI: found 3 devices
[    0.251824] clocksource: acpi_pm: mask: 0xffffff max_cycles: 0xffffff, max_idle_ns: 2085701024 ns
[    0.253223] NET: Registered protocol family 2
[    0.253952] IP idents hash table entries: 16384 (order: 5, 131072 bytes)
[    0.255314] TCP established hash table entries: 8192 (order: 4, 65536 bytes)
[    0.256357] TCP bind hash table entries: 8192 (order: 5, 131072 bytes)
[    0.257337] TCP: Hash tables configured (established 8192 bind 8192)
[    0.258237] UDP hash table entries: 512 (order: 2, 16384 bytes)
[    0.259071] UDP-Lite hash table entries: 512 (order: 2, 16384 bytes)
[    0.259976] NET: Registered protocol family 1
[    0.260641] pci 0000:00:00.0: Limiting direct PCI/PCI transfers
[    0.261602] pci 0000:00:01.0: Activating ISA DMA hang workarounds
[    0.262583] pci 0000:00:02.0: Video device with shadowed ROM at [mem 0x000c0000-0x000dffff]
[    0.263930] Unpacking initramfs...
[    0.511931] Freeing initrd memory: 19528K
[    0.512860] clocksource: tsc: mask: 0xffffffffffffffff max_cycles: 0x1e7172f02f0, max_idle_ns: 440795291996 ns
[    0.514510] platform rtc_cmos: registered platform RTC device (no PNP device found)
[    0.515842] Scanning for low memory corruption every 60 seconds
[    0.517425] Initialise system trusted keyrings
[    0.518228] Key type blacklist registered
[    0.519046] workingset: timestamp_bits=36 max_order=18 bucket_order=0
[    0.521040] zbud: loaded
[    0.522107] squashfs: version 4.0 (2009/01/31) Phillip Lougher
[    0.523254] fuse init (API version 7.26)
[    0.525322] Key type asymmetric registered
[    0.526030] Asymmetric key parser 'x509' registered
[    0.526821] Block layer SCSI generic (bsg) driver version 0.4 loaded (major 246)
[    0.528139] io scheduler noop registered
[    0.528816] io scheduler deadline registered
[    0.529571] io scheduler cfq registered (default)
[    0.530618] ACPI: AC Adapter [AC] (off-line)
[    0.531379] input: Power Button as /devices/LNXSYSTM:00/LNXPWRBN:00/input/input0
[    0.532661] ACPI: Power Button [PWRF]
[    0.533388] input: Sleep Button as /devices/LNXSYSTM:00/LNXSLPBN:00/input/input1
[    0.534682] ACPI: Sleep Button [SLPF]
[    0.535589] Serial: 8250/16550 driver, 32 ports, IRQ sharing enabled
[    0.536292] ACPI: Battery Slot [BAT0] (battery present)
[    0.557639] 00:02: ttyS0 at I/O 0x3f8 (irq = 4, base_baud = 115200) is a 16550A
[    0.559953] Linux agpgart interface v0.103
[    0.561794] loop: module loaded
[    0.562883] scsi host0: ata_piix
[    0.563585] scsi host1: ata_piix
[    0.564173] ata1: PATA max UDMA/33 cmd 0x1f0 ctl 0x3f6 bmdma 0xd000 irq 14
[    0.565200] ata2: PATA max UDMA/33 cmd 0x170 ctl 0x376 bmdma 0xd008 irq 15
[    0.566375] tun: Universal TUN/TAP device driver, 1.6
[    0.567129] PPP generic driver version 2.4.2
[    0.567790] ehci_hcd: USB 2.0 'Enhanced' Host Controller (EHCI) Driver
[    0.568708] ehci-pci: EHCI PCI platform driver
[    0.569373] ehci-platform: EHCI generic platform driver
[    0.570129] ohci_hcd: USB 1.1 'Open' Host Controller (OHCI) Driver
[    0.571073] ohci-pci: OHCI PCI platform driver
[    0.571804] ohci-platform: OHCI generic platform driver
[    0.572637] uhci_hcd: USB Universal Host Controller Interface driver
[    0.573662] i8042: PNP: PS/2 Controller [PNP0303:PS2K,PNP0f03:PS2M] at 0x60,0x64 irq 1,12
[    0.575361] serio: i8042 KBD port at 0x60,0x64 irq 1
[    0.576170] serio: i8042 AUX port at 0x60,0x64 irq 12
[    0.577104] mousedev: PS/2 mouse device common for all mice
[    0.578195] input: AT Translated Set 2 keyboard as /devices/platform/i8042/serio0/input/input2
[    0.579879] rtc_cmos rtc_cmos: rtc core: registered rtc_cmos as rtc0
[    0.580939] rtc_cmos rtc_cmos: alarms up to one day, 114 bytes nvram
[    0.581883] i2c /dev entries driver
[    0.582557] device-mapper: uevent: version 1.0.3
[    0.583345] device-mapper: ioctl: 4.37.0-ioctl (2017-09-20) initialised: dm-devel@redhat.com
[    0.584799] ledtrig-cpu: registered to indicate activity on CPUs
[    0.586056] NET: Registered protocol family 10
[    0.590074] Segment Routing with IPv6
[    0.590667] NET: Registered protocol family 17
[    0.591538] Key type dns_resolver registered
[    0.592434] mce: Using 0 MCE banks
[    0.593024] RAS: Correctable Errors collector initialized.
[    0.593852] sched_clock: Marking stable (592375561, 0)->(812017902, -219642341)
[    0.595269] registered taskstats version 1
[    0.595965] Loading compiled-in X.509 certificates
[    0.598840] Loaded X.509 cert 'Build time autogenerated kernel key: b5b26778eaa3ab3a4a6cee031137706e947d12ad'
[    0.600742] Loaded X.509 cert 'Canonical Ltd. Live Patch Signing: 14df34d1a87cf37625abec039ef2bf521249b969'
[    0.602677] Loaded X.509 cert 'Canonical Ltd. Kernel Module Signing: 88f752e560a1e0737e31163a466ad7b70a850c19'
[    0.604214] blacklist: Loading compiled-in revocation X.509 certificates
[    0.605218] Loaded X.509 cert 'Canonical Ltd. Secure Boot Signing: 61482aa2830d0ab2ad5af10b7250da9033ddcef0'
[    0.606774] Loaded X.509 cert 'Canonical Ltd. Secure Boot Signing (2017): 242ade75ac4a15e50d50c84b0d45ff3eae707a03'
[    0.608419] Loaded X.509 cert 'Canonical Ltd. Secure Boot Signing (ESM 2018): 365188c1d374d6b07c3c8f240f8ef722433d6a8b'
[    0.610090] Loaded X.509 cert 'Canonical Ltd. Secure Boot Signing (2019): c0746fd6c5da3ae827864651ad66ae47fe24b3e8'
[    0.611754] Loaded X.509 cert 'Canonical Ltd. Secure Boot Signing (2021 v1): a8d54bbb3825cfb94fa13c9f8a594a195c107b8d'
[    0.613456] Loaded X.509 cert 'Canonical Ltd. Secure Boot Signing (2021 v2): 4cf046892d6fd3c9a5b03f98d845f90851dc6a8c'
[    0.615141] Loaded X.509 cert 'Canonical Ltd. Secure Boot Signing (2021 v3): 100437bb6de6e469b581e61cd66bce3ef4ed53af'
[    0.616818] Loaded X.509 cert 'Canonical Ltd. Secure Boot Signing (Ubuntu Core 2019): c1d57b8f6b743f23ee41f4f7ee292f06eecadfb9'
[    0.618644] zswap: loaded using pool lzo/zbud
[    0.622486] Key type big_key registered
[    0.623162] Key type trusted registered
[    0.625135] Key type encrypted registered
[    0.625784] AppArmor: AppArmor sha1 policy hashing enabled
[    0.626622] ima: No TPM chip found, activating TPM-bypass! (rc=-19)
[    0.627509] ima: Allocated hash algorithm: sha1
[    0.628195] evm: HMAC attrs: 0x1
[    0.628929]   Magic number: 13:992:995
[    0.629641] rtc_cmos rtc_cmos: setting system clock to 2025-02-25 16:59:01 UTC (1740502741)
[    0.631072] BIOS EDD facility v0.16 2004-Jun-25, 0 devices found
[    0.631986] EDD information not available.
[    0.765203] Freeing unused kernel image memory: 2480K
[    0.780147] Write protecting the kernel read-only data: 20480k
[    0.786499] Freeing unused kernel image memory: 2008K
[    0.791563] Freeing unused kernel image memory: 1820K
[    0.812153] x86/mm: Checked W+X mappings: passed, no W+X pages found.
[    0.813631] x86/mm: Checking user space page tables
[    0.824657] x86/mm: Checked W+X mappings: passed, no W+X pages found.
Loading, please wait...
starting version 237
[    0.890925] e1000: Intel(R) PRO/1000 Network Driver - version 7.3.21-k8-NAPI
[    0.892041] e1000: Copyright (c) 1999-2006 Intel Corporation.
[    0.894296] Fusion MPT base driver 3.04.20
[    0.895004] Copyright (c) 1999-2008 LSI Corporation
[    0.914631] Fusion MPT SPI Host driver 3.04.20
[    0.918497] AVX2 version of gcm_enc/dec engaged.
[    0.919346] AES CTR mode by8 optimization enabled
[    1.126273] input: ImExPS/2 Generic Explorer Mouse as /devices/platform/i8042/serio1/input/input4
[    1.517541] e1000 0000:00:03.0 eth0: (PCI:33MHz:32-bit) 02:3b:7b:b7:3b:2d
[    1.518608] e1000 0000:00:03.0 eth0: Intel(R) PRO/1000 Network Connection
[    1.869278] e1000 0000:00:08.0 eth1: (PCI:33MHz:32-bit) 08:00:27:41:9b:e4
[    1.871271] e1000 0000:00:08.0 eth1: Intel(R) PRO/1000 Network Connection
[    1.874370] mptbase: ioc0: Initiating bringup
[    1.878040] e1000 0000:00:03.0 enp0s3: renamed from eth0
[    1.892615] e1000 0000:00:08.0 enp0s8: renamed from eth1
[    1.988765] ioc0: LSI53C1030 A0: Capabilities={Initiator}
[    2.234756] scsi host2: ioc0: LSI53C1030 A0, FwRev=00000000h, Ports=1, MaxQ=256, IRQ=20
[    2.401159] scsi 2:0:0:0: Direct-Access     VBOX     HARDDISK         1.0  PQ: 0 ANSI: 5
[    2.623869] scsi target2:0:0: Beginning Domain Validation
[    2.625777] scsi target2:0:0: Domain Validation skipping write tests
[    2.628250] scsi target2:0:0: Ending Domain Validation
[    2.629364] scsi target2:0:0: asynchronous
[    2.630536] scsi 2:0:1:0: Direct-Access     VBOX     HARDDISK         1.0  PQ: 0 ANSI: 5
[    3.370266] scsi target2:0:1: Beginning Domain Validation
[    3.372270] scsi target2:0:1: Domain Validation skipping write tests
[    3.373419] scsi target2:0:1: Ending Domain Validation
[    3.374593] scsi target2:0:1: asynchronous
[    3.379107] sd 2:0:0:0: [sda] 83886080 512-byte logical blocks: (42.9 GB/40.0 GiB)
[    3.380685] sd 2:0:0:0: [sda] Write Protect is off
[    3.381800] sd 2:0:0:0: [sda] Incomplete mode parameter data
[    3.382898] sd 2:0:0:0: [sda] Assuming drive cache: write through
[    3.384111] sd 2:0:0:0: Attached scsi generic sg0 type 0
[    3.386012]  sda: sda1
[    3.386580] sd 2:0:1:0: [sdb] 20480 512-byte logical blocks: (10.5 MB/10.0 MiB)
[    3.388296] sd 2:0:1:0: [sdb] Write Protect is off
[    3.388429] sd 2:0:1:0: Attached scsi generic sg1 type 0
[    3.390583] sd 2:0:1:0: [sdb] Incomplete mode parameter data
[    3.391702] sd 2:0:1:0: [sdb] Assuming drive cache: write through
[    3.394223] sd 2:0:0:0: [sda] Attached SCSI disk
[    3.395601] sd 2:0:1:0: [sdb] Attached SCSI disk
Begin: Loading essential drivers ... [    4.968190] raid6: sse2x1   gen() 11629 MB/s
[    5.016200] raid6: sse2x1   xor()  7898 MB/s
[    5.064171] raid6: sse2x2   gen() 13905 MB/s
[    5.112170] raid6: sse2x2   xor()  9338 MB/s
[    5.160176] raid6: sse2x4   gen() 15280 MB/s
[    5.208333] raid6: sse2x4   xor()  9628 MB/s
[    5.256172] raid6: avx2x1   gen() 20689 MB/s
[    5.304173] raid6: avx2x1   xor() 14680 MB/s
[    5.353342] raid6: avx2x2   gen() 24912 MB/s
[    5.400274] raid6: avx2x2   xor() 15804 MB/s
[    5.448172] raid6: avx2x4   gen() 29176 MB/s
[    5.496172] raid6: avx2x4   xor() 18583 MB/s
[    5.497068] raid6: using algorithm avx2x4 gen() 29176 MB/s
[    5.498160] raid6: .... xor() 18583 MB/s, rmw enabled
[    5.499142] raid6: using avx2x2 recovery algorithm
[    5.502031] xor: automatically using best checksumming function   avx       
[    5.504075] async_tx: api initialized (async)
done.
Begin: Running /scripts/init-premount ... done.
Begin: Mounting root file system ... Begin: Running /scripts/local-top ... done.
Begin: Running /scripts/local-premount ... [    5.563921] Btrfs loaded, crc32c=crc32c-intel
Scanning for Btrfs filesystems
done.
Warning: fsck not present, so skipping root file system
[    5.591773] EXT4-fs (sda1): mounted filesystem with ordered data mode. Opts: (null)
done.
Begin: Running /scripts/local-bottom ... done.
Begin: Running /scripts/init-bottom ... done.
[    5.747720] ip_tables: (C) 2000-2006 Netfilter Core Team
[    5.755988] systemd[1]: systemd 237 running in system mode. (+PAM +AUDIT +SELINUX +IMA +APPARMOR +SMACK +SYSVINIT +UTMP +LIBCRYPTSETUP +GCRYPT +GNUTLS +ACL +XZ +LZ4 +SECCOMP +BLKID +ELFUTILS +KMOD -IDN2 +IDN -PCRE2 default-hierarchy=hybrid)
[    5.760283] systemd[1]: Detected virtualization oracle.
[    5.764158] systemd[1]: Detected architecture x86-64.

Welcome to [1mUbuntu 18.04.6 LTS[0m!

[    5.773965] systemd[1]: Set hostname to <ubuntu>.
[    5.777608] systemd[1]: Initializing machine ID from random generator.
[    5.778938] systemd[1]: Installed transient /etc/machine-id file.
[    6.016755] systemd[1]: Started Forward Password Requests to Wall Directory Watch.
[[0;32m  OK  [0m] Started Forward Password Requests to Wall Directory Watch.
[    6.019075] systemd[1]: Reached target Swap.
[[0;32m  OK  [0m] Reached target Swap.
[    6.020432] systemd[1]: Reached target System Time Synchronized.
[[0;32m  OK  [0m] Reached target System Time Synchronized.
[    6.022273] systemd[1]: Reached target User and Group Name Lookups.
[[0;32m  OK  [0m] Reached target User and Group Name Lookups.
[[0;32m  OK  [0m] Created slice User and Session Slice.
[[0;32m  OK  [0m] Set up automount Arbitrary Executab…rmats File System Automount Point.
[[0;32m  OK  [0m] Reached target Mounting snaps.
[[0;32m  OK  [0m] Reached target Mounted snaps.
[[0;32m  OK  [0m] Created slice System Slice.
[[0;32m  OK  [0m] Listening on Journal Socket.
[[0;32m  OK  [0m] Listening on udev Control Socket.
[[0;32m  OK  [0m] Listening on LVM2 metadata daemon socket.
[[0;32m  OK  [0m] Listening on Network Service Netlink Socket.
         Starting Create list of required st…ce nodes for the current kernel...
[[0;32m  OK  [0m] Listening on LVM2 poll daemon socket.
[[0;32m  OK  [0m] Listening on /dev/initctl Compatibility Named Pipe.
[[0;32m  OK  [0m] Created slice system-serial\x2dgetty.slice.
         Starting Set the console keyboard layout...
[[0;32m  OK  [0m] Listening on Syslog Socket.
         Starting Uncomplicated firewall...
         Mounting Huge Pages File System...
         Mounting POSIX Message Queue File System...
[[0;32m  OK  [0m] Listening on fsck to fsckd communication Socket.
         Starting File System Check on Root Device...
[[0;32m  OK  [0m] Listening on udev Kernel Socket.
         Starting udev Coldplug all Devices...
[[0;32m  OK  [0m] Listening on Journal Audit Socket.
         Starting Load Kernel Modules...
[[0;32m  OK  [0m] Listening on Journal Socket (/dev/log).
         Mounting Kernel Debug File System...
[[0;32m  OK  [0m] Reached target Slices.
[[0;32m  OK  [0m] Listening on Device-mapper event daemon FIFOs.
         Starting Monitoring of LVM2 mirrors…ng dmeventd or progress polling...
         Starting Journal Service...
[[0;32m  OK  [0m] Started Create list of required sta…vice nodes for the current kernel.
[[0;32m  OK  [0m] Started Uncomplicated firewall.
[[0;32m  OK  [0m] Mounted Huge Pages File System.
[[0;32m  OK  [0m] Mounted POSIX Message Queue File System.
[[0;32m  OK  [0m] Mounted Kernel Debug File System.
[[0;32m  OK  [0m] Started File System Check Daemon to report status.
         Starting Create Static Device Nodes in /dev...
[    6.114720] Loading iSCSI transport class v2.0-870.
[    6.125092] iscsi: registered transport (tcp)
[[0;32m  OK  [0m] Started udev Coldplug all Devices.
[[0;32m  OK  [0m] Started LVM2 metadata daemon.
[[0;32m  OK  [0m] Started Journal Service.
[[0;32m  OK  [0m] Started Create Static Device Nodes in /dev.
[[0;32m  OK  [0m] Started File System Check on Root Device.
         Starting Remount Root and Kernel File Systems...
[    6.241637] iscsi: registered transport (iser)
[[0;32m  OK  [0m] Started Load Kernel Modules.
         Mounting Kernel Configuration File System...
         Starting Apply Kernel Variables...
         Mounting FUSE Control File System...
[[0;32m  OK  [0m] Mounted Kernel Configuration File System.
[[0;32m  OK  [0m] Mounted FUSE Control File System.
[[0;32m  OK  [0m] Started Remount Root and Kernel File Systems.
[[0;32m  OK  [0m] Started Apply Kernel Variables.
[[0;32m  OK  [0m] Started Monitoring of LVM2 mirrors,…sing dmeventd or progress polling.
         Starting Flush Journal to Persistent Storage...
         Starting Load/Save Random Seed...
         Starting udev Kernel Device Manager...
[[0;32m  OK  [0m] Started Load/Save Random Seed.
[[0;32m  OK  [0m] Started udev Kernel Device Manager.
[[0;32m  OK  [0m] Started Flush Journal to Persistent Storage.
[[0;32m  OK  [0m] Found device /dev/ttyS0.
[[0;32m  OK  [0m] Listening on Load/Save RF Kill Switch Status /dev/rfkill Watch.
         Mounting Arbitrary Executable File Formats File System...
[[0;32m  OK  [0m] Mounted Arbitrary Executable File Formats File System.
[[0;32m  OK  [0m] Started Set the console keyboard layout.
[[0;32m  OK  [0m] Reached target Local File Systems (Pre).
[[0;32m  OK  [0m] Reached target Local File Systems.
         Starting Tell Plymouth To Write Out Runtime Data...
         Starting ebtables ruleset management...
         Starting Set console font and keymap...
         Starting Create Volatile Files and Directories...
         Starting Commit a transient machine-id on disk...
         Starting AppArmor initialization...
[[0;32m  OK  [0m] Started Dispatch Password Requests to Console Directory Watch.
[[0;32m  OK  [0m] Reached target Local Encrypted Volumes.
[[0;32m  OK  [0m] Started Tell Plymouth To Write Out Runtime Data.
[[0;32m  OK  [0m] Started Create Volatile Files and Directories.
         Starting Update UTMP about System Boot/Shutdown...
[[0;32m  OK  [0m] Started Update UTMP about System Boot/Shutdown.
[[0;32m  OK  [0m] Started Commit a transient machine-id on disk.
[[0;32m  OK  [0m] Started ebtables ruleset management.
[[0;32m  OK  [0m] Started Set console font and keymap.
[[0;32m  OK  [0m] Started AppArmor initialization.
         Starting Load AppArmor profiles managed internally by snapd...
         Starting Initial cloud-init job (pre-networking)...
[[0;32m  OK  [0m] Started Load AppArmor profiles managed internally by snapd.
[   10.801485] cloud-init[845]: Cloud-init v. 23.1.2-0ubuntu0~18.04.1 running 'init-local' at Tue, 25 Feb 2025 16:59:11 +0000. Up 10.45 seconds.
[[0;32m  OK  [0m] Started Initial cloud-init job (pre-networking).
[[0;32m  OK  [0m] Reached target Network (Pre).
         Starting Network Service...
[[0;32m  OK  [0m] Started Network Service.
         Starting Wait for Network to be Configured...
         Starting Network Name Resolution...
[[0;32m  OK  [0m] Started Network Name Resolution.
[[0;32m  OK  [0m] Reached target Network.
[[0;32m  OK  [0m] Reached target Host and Network Name Lookups.
[[0;32m  OK  [0m] Started Wait for Network to be Configured.
         Starting Initial cloud-init job (metadata service crawler)...
[   12.961076] cloud-init[973]: Cloud-init v. 23.1.2-0ubuntu0~18.04.1 running 'init' at Tue, 25 Feb 2025 16:59:13 +0000. Up 12.74 seconds.
[   12.961906] cloud-init[973]: ci-info: ++++++++++++++++++++++++++++++++++++++Net device info+++++++++++++++++++++++++++++++++++++++
[   12.962528] cloud-init[973]: ci-info: +--------+-------+----------------------------+---------------+--------+-------------------+
[   12.963179] cloud-init[973]: ci-info: | Device |   Up  |          Address           |      Mask     | Scope  |     Hw-Address    |
[   12.963804] cloud-init[973]: ci-info: +--------+-------+----------------------------+---------------+--------+-------------------+
[   12.964452] cloud-init[973]: ci-info: | enp0s3 |  True |         10.0.2.15          | 255.255.255.0 | global | 02:3b:7b:b7:3b:2d |
[   12.965090] cloud-init[973]: ci-info: | enp0s3 |  True | fd00::3b:7bff:feb7:3b2d/64 |       .       | global | 02:3b:7b:b7:3b:2d |
[   12.965848] cloud-init[973]: ci-info: | enp0s3 |  True | fe80::3b:7bff:feb7:3b2d/64 |       .       |  link  | 02:3b:7b:b7:3b:2d |
[   12.966621] cloud-init[973]: ci-info: | enp0s8 | False |             .              |       .       |   .    | 08:00:27:41:9b:e4 |
[   12.967322] cloud-init[973]: ci-info: |   lo   |  True |         127.0.0.1          |   255.0.0.0   |  host  |         .         |
[   12.968004] cloud-init[973]: ci-info: |   lo   |  True |          ::1/128           |       .       |  host  |         .         |
[   12.968760] cloud-init[973]: ci-info: +--------+-------+----------------------------+---------------+--------+-------------------+
[   12.969810] cloud-init[973]: ci-info: ++++++++++++++++++++++++++++Route IPv4 info+++++++++++++++++++++++++++++
[   12.970672] cloud-init[973]: ci-info: +-------+-------------+----------+-----------------+-----------+-------+
[   12.971341] cloud-init[973]: ci-info: | Route | Destination | Gateway  |     Genmask     | Interface | Flags |
[   12.972098] cloud-init[973]: ci-info: +-------+-------------+----------+-----------------+-----------+-------+
[   12.972922] cloud-init[973]: ci-info: |   0   |   0.0.0.0   | 10.0.2.2 |     0.0.0.0     |   enp0s3  |   UG  |
[   12.973788] cloud-init[973]: ci-info: |   1   |   10.0.2.0  | 0.0.0.0  |  255.255.255.0  |   enp0s3  |   U   |
[   12.974715] cloud-init[973]: ci-info: |   2   |   10.0.2.2  | 0.0.0.0  | 255.255.255.255 |   enp0s3  |   UH  |
[   12.975452] cloud-init[973]: ci-info: +-------+-------------+----------+-----------------+-----------+-------+
[   12.976432] cloud-init[973]: ci-info: +++++++++++++++++++Route IPv6 info+++++++++++++++++++
[   12.977255] cloud-init[973]: ci-info: +-------+-------------+---------+-----------+-------+
[   12.978113] cloud-init[973]: ci-info: | Route | Destination | Gateway | Interface | Flags |
[   12.988286] cloud-init[973]: ci-info: +-------+-------------+---------+-----------+-------+
[   12.989015] cloud-init[973]: ci-info: |   1   |  fd00::/64  |    ::   |   enp0s3  |   U   |
[   12.989675] cloud-init[973]: ci-info: |   2   |  fe80::/64  |    ::   |   enp0s3  |   U   |
[   12.990363] cloud-init[973]: ci-info: |   3   |     ::/0    | fe80::2 |   enp0s3  |   UG  |
[   12.991002] cloud-init[973]: ci-info: |   5   |    local    |    ::   |   enp0s3  |   U   |
[   12.991711] cloud-init[973]: ci-info: |   6   |   ff00::/8  |    ::   |   enp0s3  |   U   |
[   12.992388] cloud-init[973]: ci-info: +-------+-------------+---------+-----------+-------+
[   13.731243] cloud-init[973]: Generating public/private rsa key pair.
[   13.731949] cloud-init[973]: Your identification has been saved in /etc/ssh/ssh_host_rsa_key.
[   13.732835] cloud-init[973]: Your public key has been saved in /etc/ssh/ssh_host_rsa_key.pub.
[   13.733816] cloud-init[973]: The key fingerprint is:
[   13.734246] cloud-init[973]: SHA256:X+gtFjoGgjBqvX+SZqUBh9FwD2rva6qwbbZQUh7OC+c root@ubuntu-bionic
[   13.734876] cloud-init[973]: The key's randomart image is:
[   13.735336] cloud-init[973]: +---[RSA 2048]----+
[   13.735776] cloud-init[973]: |   .oo           |
[   13.736302] cloud-init[973]: |   .o.o          |
[   13.736648] cloud-init[973]: |o ooo  .         |
[   13.736963] cloud-init[973]: |.Bo=..     .     |
[   13.737331] cloud-init[973]: |+.B.+.. S o .    |
[   13.737824] cloud-init[973]: |.* .oo o + +     |
[   13.738297] cloud-init[973]: |o E. .= + = .    |
[   13.738686] cloud-init[973]: |.+o .B.o o .     |
[   13.739026] cloud-init[973]: |.++o=oo          |
[   13.739529] cloud-init[973]: +----[SHA256]-----+
[   13.739866] cloud-init[973]: Generating public/private dsa key pair.
[   13.740443] cloud-init[973]: Your identification has been saved in /etc/ssh/ssh_host_dsa_key.
[   13.740930] cloud-init[973]: Your public key has been saved in /etc/ssh/ssh_host_dsa_key.pub.
[   13.741528] cloud-init[973]: The key fingerprint is:
[   13.741963] cloud-init[973]: SHA256:xQiw4cSxx7X0LcSCDafcUxi+VOfGahmKvSV095TfCCY root@ubuntu-bionic
[   13.742707] cloud-init[973]: The key's randomart image is:
[   13.743102] cloud-init[973]: +---[DSA 1024]----+
[   13.743491] cloud-init[973]: |   .=oo+=++ .    |
[   13.743827] cloud-init[973]: |   o.*.O+O.=   . |
[   13.744188] cloud-init[973]: |    + = O.E O o  |
[   13.744686] cloud-init[973]: |     . = * X + o.|
[   13.745041] cloud-init[973]: |      . S =   o o|
[   13.756395] cloud-init[973]: |         =       |
[   13.756969] cloud-init[973]: |        .        |
[   13.757318] cloud-init[973]: |                 |
[   13.757666] cloud-init[973]: |                 |
[   13.758044] cloud-init[973]: +----[SHA256]-----+
[   13.758483] cloud-init[973]: Generating public/private ecdsa key pair.
[   13.759187] cloud-init[973]: Your identification has been saved in /etc/ssh/ssh_host_ecdsa_key.
[   13.759992] cloud-init[973]: Your public key has been saved in /etc/ssh/ssh_host_ecdsa_key.pub.
[   13.760692] cloud-init[973]: The key fingerprint is:
[   13.761160] cloud-init[973]: SHA256:zGKfU0S/O1kEQh4/WW29T9fqTbc3AJ3svfHZDuqfkvM root@ubuntu-bionic
[   13.761697] cloud-init[973]: The key's randomart image is:
[   13.762230] cloud-init[973]: +---[ECDSA 256]---+
[   13.762697] cloud-init[973]: |         .= . ...|
[   13.763095] cloud-init[973]: |         o = +  +|
[   13.763527] cloud-init[973]: |          o B o.o|
[   13.763962] cloud-init[973]: |       o . . B .+|
[   13.764420] cloud-init[973]: |      o S . + ooo|
[   13.764914] cloud-init[973]: |     . o o   *.o+|
[   13.765385] cloud-init[973]: |        +   +oooO|
[   13.776434] cloud-init[973]: |         .  +o.B=|
[[0;32m  OK  [0m[   13.798068] cloud-init[973]: |           .o=E.+|
[   13.798707] cloud-init[973]: +----[SHA256]-----+
[   13.799257] cloud-init[973]: Generating public/private ed25519 key pair.
] Started Initial cloud-init job (metadata service crawler).
[[0;32m  OK  [0m] Reached target Cloud-config availability.
[[0;32m  OK  [0m] Reached target Network is Online.
[   13.802392] cloud-init[973]: Your identification has been saved in /etc/ssh/ssh_host_ed25519_key.
[   13.803396] cloud-init[973]: Your public key has been saved in /etc/ssh/ssh_host_ed25519_key.pub.
[   13.804256] cloud-init[973]: The key fingerprint is:
[[0;32m  OK  [0m] Reached target Remote File Systems (Pre).
[   13.805632] cloud-init[973]: SHA256:1dAqh/ZH6aw+B2rcDpIQkc2ASiTSJ+MeY0exJJ7yfN0 root@ubuntu-bionic
[[0;32m  OK  [0m] Reached target Remote File Systems.
[   13.807363] cloud-init[973]: The key's randomart image is:
[   13.808893] cloud-init[973]: +--[ED25519 256]--+
         Starting Availability of block devices...
[[0;32m  OK  [0m] Reached target System Initialization.
[[0;32m  OK  [0m] Listening on ACPID Listen Socket.[   13.810153] cloud-init[973]: |+o..=*    ..     |
[   13.821631] cloud-init[973]: |oo=++oo    o.    |
[   13.821806] cloud-init[973]: |ooo=o    .....   |

[   13.821916] cloud-init[973]: |.+= .o .+.o o    |
[   13.822132] cloud-init[973]: | oo+o ..E+ +     |
[[0;32m  OK  [0m[   13.823225] ] cloud-init[973]: |  .. . .  o +    |
Listening on Open-iSCSI iscsid Socket.
[   13.823474] cloud-init[973]: |      o..o +     |
[[   13.824142] cloud-init[973]: |       .+.+ .    |
[   13.824293] cloud-init[973]: |       . ooo     |
[   13.824453] cloud-init[973]: +----[SHA256]-----+
[0;32m  OK  [0m] Started Ubuntu Advantage Timer for running repeated jobs.
[[0;32m  OK  [0m] Listening on cloud-init hotplug hook socket.
[[0;32m  OK  [0m] Listening on UUID daemon activation socket.
[[0;32m  OK  [0m] Started ACPI Events Check.
[[0;32m  OK  [0m] Started Daily apt download activities.
[[0;32m  OK  [0m] Started Daily apt upgrade and clean activities.
         Starting Socket activation for snappy daemon.
         Starting LXD - unix socket.
[[0;32m  OK  [0m] Started Daily Cleanup of Temporary Directories.
[[0;32m  OK  [0m] Started Discard unused blocks once a week.
[[0;32m  OK  [0m] Started Message of the Day.
[[0;32m  OK  [0m] Reached target Timers.
[[0;32m  OK  [0m] Listening on D-Bus System Message Bus Socket.
[[0;32m  OK  [0m] Reached target Paths.
[[0;32m  OK  [0m] Started Availability of block devices.
[[0;32m  OK  [0m] Listening on Socket activation for snappy daemon.
[[0;32m  OK  [0m] Listening on LXD - unix socket.
[[0;32m  OK  [0m] Reached target Sockets.
[[0;32m  OK  [0m] Reached target Basic System.
         Starting Dispatcher daemon for systemd-networkd...
[[0;32m  OK  [0m] Started Regular background program processing daemon.
         Starting Virtualbox guest utils...
         Starting LSB: Record successful boot for GRUB...
[[0;32m  OK  [0m] Started D-Bus System Message Bus.
[[0;32m  OK  [0m] Started irqbalance daemon.
         Starting Pollinate to seed the pseudo random number generator...
[[0;32m  OK  [0m] Reached target Login Prompts (Pre).
         Starting LSB: automatic crash report generation...
[[0;32m  OK  [0m] Started FUSE filesystem for LXC.
         Starting LXD - container startup/shutdown...
         Starting Permit User Sessions...
         Starting Login Service...
         Starting System Logging Service...
         Starting Accounts Service...
[[0;32m  OK  [0m] Started Deferred execution scheduler.
         Starting Snap Daemon...
[[0;32m  OK  [0m] Started System Logging Service.
[[0;32m  OK  [0m] Started Permit User Sessions.
         Starting Hostname Service...
         Starting Terminate Plymouth Boot Screen...
         Starting Hold until boot process finishes up...
[[0;32m  OK  [0m] Started Hold until boot process finishes up.
[[0;32m  OK  [0m] Started Terminate Plymouth Boot Screen.
[[0;32m  OK  [0m] Started Login Service.
[[0;32m  OK  [0m] Started Unattended Upgrades Shutdown.
[[0;32m  OK  [0m] Started Serial Getty on ttyS0.
         Starting Set console scheme...
[[0;32m  OK  [0m] Started LXD - container startup/shutdown.
[[0;32m  OK  [0m] Started Set console scheme.
[[0;32m  OK  [0m] Created slice system-getty.slice.
[[0;32m  OK  [0m] Started Getty on tty1.
[[0;32m  OK  [0m] Reached target Login Prompts.
[[0;32m  OK  [0m] Started Hostname Service.
         Starting Authorization Manager...
[[0;32m  OK  [0m] Started LSB: Record successful boot for GRUB.
[[0;32m  OK  [0m] Started LSB: automatic crash report generation.
[[0;32m  OK  [0m] Started Authorization Manager.
[[0;32m  OK  [0m] Started Dispatcher daemon for systemd-networkd.
[[0;32m  OK  [0m] Started Accounts Service.
[[0;32m  OK  [0m] Started Virtualbox guest utils.
[[0;32m  OK  [0m] Started Snap Daemon.
         Starting Wait until snapd is fully seeded...
[[0;32m  OK  [0m] Started Pollinate to seed the pseudo random number generator.
         Starting OpenBSD Secure Shell server...
[[0;32m  OK  [0m] Started OpenBSD Secure Shell server.
[[0;32m  OK  [0m] Created slice User Slice of vagrant.
         Starting User Manager for UID 1000...
[[0;32m  OK  [0m] Started Session 1 of user vagrant.
[[0;32m  OK  [0m] Started User Manager for UID 1000.
         Starting Time & Date Service...
[[0;32m  OK  [0m] Started Time & Date Service.
[[0;32m  OK  [0m] Started Wait until snapd is fully seeded.
         Starting Apply the settings specified in cloud-config...
[   17.745178] cloud-init[1555]: Cloud-init v. 23.1.2-0ubuntu0~18.04.1 running 'modules:config' at Tue, 25 Feb 2025 16:59:17 +0000. Up 16.53 seconds.
[[0;32m  OK  [0m] Started Apply the settings specified in cloud-config.
[[0;32m  OK  [0m] Reached target Multi-User System.
[[0;32m  OK  [0m] Reached target Graphical Interface.
         Starting Update UTMP about System Runlevel Changes...
         Starting Execute cloud user/final scripts...
[[0;32m  OK  [0m] Started Update UTMP about System Runlevel Changes.
ci-info: no authorized SSH keys fingerprints found for user ubuntu.
<14>Feb 25 16:59:19 cloud-init: #############################################################
<14>Feb 25 16:59:19 cloud-init: -----BEGIN SSH HOST KEY FINGERPRINTS-----
<14>Feb 25 16:59:19 cloud-init: 1024 SHA256:xQiw4cSxx7X0LcSCDafcUxi+VOfGahmKvSV095TfCCY root@ubuntu-bionic (DSA)
<14>Feb 25 16:59:19 cloud-init: 256 SHA256:zGKfU0S/O1kEQh4/WW29T9fqTbc3AJ3svfHZDuqfkvM root@ubuntu-bionic (ECDSA)
<14>Feb 25 16:59:19 cloud-init: 256 SHA256:1dAqh/ZH6aw+B2rcDpIQkc2ASiTSJ+MeY0exJJ7yfN0 root@ubuntu-bionic (ED25519)
<14>Feb 25 16:59:19 cloud-init: 2048 SHA256:X+gtFjoGgjBqvX+SZqUBh9FwD2rva6qwbbZQUh7OC+c root@ubuntu-bionic (RSA)
<14>Feb 25 16:59:19 cloud-init: -----END SSH HOST KEY FINGERPRINTS-----
<14>Feb 25 16:59:19 cloud-init: #############################################################
-----BEGIN SSH HOST KEY KEYS-----
ecdsa-sha2-nistp256 AAAAE2VjZHNhLXNoYTItbmlzdHAyNTYAAAAIbmlzdHAyNTYAAABBBBWrrDU6UAPOOiIuhGr83pjXPFoDwO6bj4cETUtFdO8fxNJyjUermx43g93KVL90hatRGwcT+z98/rpYnOyE/2A= root@ubuntu-bionic
ssh-ed25519 AAAAC3NzaC1lZDI1NTE5AAAAIGHeMUc/y0UsqvHAbmjqD7wIQhYhrJs2w6hfdIRvzWpC root@ubuntu-bionic
ssh-rsa AAAAB3NzaC1yc2EAAAADAQABAAABAQDjChNY9ebXvJzX5I2xrpumkQnWVJIO2uQ+FhsY5y0h2SuIvyrRpVyI4CGh059b/mQRMY1Puys4suakIwR6Pi9ZSqnXVJMwxzRMZlqf+N+Bi4W/REoAfYJw61Bdcra685Ak92oKAmcrZGNCL2Wgqdr4WBR/UlilhcBvmbsY2GVmvXlCzHt63S6qlOfht3l0pIEynnV8+dHSbEOHP/WtWvBB6GaoyrtAKH/DB40C2IDlUK/UXa75PcyODU0cBQ+wpiLXvECAqaNt0anK7M9PdkRJlMQpgMBuTMbKaDJhKSU2fHoIURBD3ZXM5tjd//lOiXhHlZ6MQSqO0qtiBkNF58a1 root@ubuntu-bionic
-----END SSH HOST KEY KEYS-----
[   18.619995] cloud-init[1677]: Cloud-init v. 23.1.2-0ubuntu0~18.04.1 running 'modules:final' at Tue, 25 Feb 2025 16:59:19 +0000. Up 18.38 seconds.
[   18.621312] cloud-init[1677]: Cloud-init v. 23.1.2-0ubuntu0~18.04.1 finished at Tue, 25 Feb 2025 16:59:19 +0000. Datasource DataSourceNoCloud [seed=/dev/sdb][dsmode=net].  Up 18.59 seconds
[[0;32m  OK  [0m] Started Execute cloud user/final scripts.
[[0;32m  OK  [0m] Reached target Cloud-init target.

Ubuntu 18.04.6 LTS ubuntu-bionic ttyS0

ubuntu-bionic login: [[0;32m  OK  [0m] Stopped target Graphical Interface.
[[0;32m  OK  [0m] Stopped target Timers.
[[0;32m  OK  [0m] Stopped Daily apt upgrade and clean activities.
[[0;32m  OK  [0m] Stopped target Host and Network Name Lookups.
         Stopping User Manager for UID 1000...
[[0;32m  OK  [0m] Stopped Daily apt download activities.
[[0;32m  OK  [0m] Stopped Daily Cleanup of Temporary Directories.
         Stopping Session 3 of user vagrant.
[[0;32m  OK  [0m] Closed Load/Save RF Kill Switch Status /dev/rfkill Watch.
[[0;32m  OK  [0m] Stopped Discard unused blocks once a week.
         Stopping Availability of block devices...
[[0;32m  OK  [0m] Stopped target Cloud-init target.
[[0;32m  OK  [0m] Stopped Execute cloud user/final scripts.
[[0;32m  OK  [0m] Stopped Apply the settings specified in cloud-config.
[[0;32m  OK  [0m] Stopped target Cloud-config availability.
[[0;32m  OK  [0m] Stopped target Multi-User System.
         Stopping Virtualbox guest utils...
         Stopping LSB: automatic crash report generation...
         Stopping FUSE filesystem for LXC...
         Stopping Dispatcher daemon for systemd-networkd...
[[0;32m  OK  [0m] Stopped Wait until snapd is fully seeded.
         Stopping D-Bus System Message Bus...
         Stopping Deferred execution scheduler...
         Stopping Monitoring system and time series database...
         Stopping Unattended Upgrades Shutdown...
         Stopping Regular background program processing daemon...
         Stopping LSB: Record successful boot for GRUB...
         Stopping LXD - container startup/shutdown...
[[0;32m  OK  [0m] Stopped target Login Prompts.
         Stopping Serial Getty on ttyS0...
         Stopping Getty on tty1...
         Stopping Prometheus exporter for machine metrics...
         Stopping System Logging Service...
         Stopping irqbalance daemon...
         Stopping Accounts Service...
         Stopping OpenBSD Secure Shell server...
         Stopping Authorization Manager...
[[0;32m  OK  [0m] Stopped Message of the Day.
[[0;32m  OK  [0m] Stopped target System Time Synchronized.
[[0;32m  OK  [0m] Unmounted /var/lib/lxcfs.
[[0;32m  OK  [0m] Stopped Dispatcher daemon for systemd-networkd.
[[0;32m  OK  [0m] Stopped Regular background program processing daemon.
[[0;32m  OK  [0m] Stopped irqbalance daemon.
[[0;32m  OK  [0m] Stopped System Logging Service.
[[0;32m  OK  [0m] Stopped Deferred execution scheduler.
[[0;32m  OK  [0m] Stopped Unattended Upgrades Shutdown.
[[0;32m  OK  [0m] Stopped Serial Getty on ttyS0.
[[0;32m  OK  [0m] Stopped Accounts Service.
[[0;32m  OK  [0m] Stopped Getty on tty1.
[[0;32m  OK  [0m] Stopped Authorization Manager.
[[0;32m  OK  [0m] Stopped OpenBSD Secure Shell server.
[[0;32m  OK  [0m] Stopped User Manager for UID 1000.
[[0;32m  OK  [0m] Stopped Prometheus exporter for machine metrics.
[[0;32m  OK  [0m] Stopped Monitoring system and time series database.
[[0;32m  OK  [0m] Stopped Availability of block devices.
[[0;32m  OK  [0m] Stopped D-Bus System Message Bus.
[[0;32m  OK  [0m] Stopped FUSE filesystem for LXC.
[[0;32m  OK  [0m] Stopped Session 3 of user vagrant.
[[0;32m  OK  [0m] Removed slice User Slice of vagrant.
[[0;32m  OK  [0m] Removed slice system-getty.slice.
[[0;32m  OK  [0m] Removed slice system-serial\x2dgetty.slice.
[[0;32m  OK  [0m] Stopped target Login Prompts (Pre).
         Stopping Permit User Sessions...
         Stopping Login Service...
[[0;32m  OK  [0m] Stopped LXD - container startup/shutdown.
[[0;32m  OK  [0m] Stopped Permit User Sessions.
[[0;32m  OK  [0m] Stopped LSB: Record successful boot for GRUB.
[[0;32m  OK  [0m] Stopped Virtualbox guest utils.
[[0;32m  OK  [0m] Stopped LSB: automatic crash report generation.
[[0;32m  OK  [0m] Stopped target Remote File Systems.
         Unmounting /vagrant...
[[0;32m  OK  [0m] Unmounted /vagrant.
[[0;32m  OK  [0m] Stopped target Network is Online.
[[0;32m  OK  [0m] Stopped target Network.
         Stopping Network Name Resolution...
[[0;32m  OK  [0m] Stopped target Remote File Systems (Pre).
[[0;32m  OK  [0m] Stopped Login Service.
[[0;32m  OK  [0m] Stopped target User and Group Name Lookups.
[[0;32m  OK  [0m] Stopped target Basic System.
[[0;32m  OK  [0m] Stopped target Sockets.
[[0;32m  OK  [0m] Closed LXD - unix socket.
[[0;32m  OK  [0m] Closed UUID daemon activation socket.
[[0;32m  OK  [0m] Closed D-Bus System Message Bus Socket.
[[0;32m  OK  [0m] Closed Syslog Socket.
[[0;32m  OK  [0m] Closed ACPID Listen Socket.
[[0;32m  OK  [0m] Closed Open-iSCSI iscsid Socket.
[[0;32m  OK  [0m] Closed cloud-init hotplug hook socket.
[[0;32m  OK  [0m] Closed Socket activation for snappy daemon.
[[0;32m  OK  [0m] Stopped target Slices.
[[0;32m  OK  [0m] Removed slice User and Session Slice.
[[0;32m  OK  [0m] Stopped target Paths.
[[0;32m  OK  [0m] Stopped ACPI Events Check.
[[0;32m  OK  [0m] Stopped target System Initialization.
[[0;32m  OK  [0m] Stopped Initial cloud-init job (metadata service crawler).
         Stopping Load/Save Random Seed...
[[0;32m  OK  [0m] Stopped Commit a transient machine-id on disk.
[[0;32m  OK  [0m] Stopped target Local Encrypted Volumes.
[[0;32m  OK  [0m] Stopped Forward Password Requests to Wall Directory Watch.
         Stopping Update UTMP about System Boot/Shutdown...
[[0;32m  OK  [0m] Stopped Dispatch Password Requests to Console Directory Watch.
[[0;32m  OK  [0m] Stopped Network Name Resolution.
[[0;32m  OK  [0m] Stopped Load/Save Random Seed.
         Stopping Network Service...
[[0;32m  OK  [0m] Stopped Update UTMP about System Boot/Shutdown.
[[0;32m  OK  [0m] Stopped Create Volatile Files and Directories.
[[0;32m  OK  [0m] Stopped target Local File Systems.
         Unmounting /run/user/1000...
[[0;32m  OK  [0m] Stopped target Mounted snaps.
[[0;32m  OK  [0m] Stopped target Mounting snaps.
[[0;32m  OK  [0m] Unmounted /run/user/1000.
[[0;32m  OK  [0m] Stopped Network Service.
[[0;32m  OK  [0m] Stopped Apply Kernel Variables.
[[0;32m  OK  [0m] Stopped Load Kernel Modules.
[[0;32m  OK  [0m] Stopped target Network (Pre).
[[0;32m  OK  [0m] Stopped Initial cloud-init job (pre-networking).
[[0;32m  OK  [0m] Reached target Unmount All Filesystems.
[[0;32m  OK  [0m] Stopped target Swap.
[[0;32m  OK  [0m] Stopped target Local File Systems (Pre).
[[0;32m  OK  [0m] Stopped Create Static Device Nodes in /dev.
[[0;32m  OK  [0m] Stopped Remount Root and Kernel File Systems.
[[0;32m  OK  [0m] Reached target Shutdown.
[[0;32m  OK  [0m] Reached target Final Step.
         Starting Reboot...
         Stopping Monitoring of LVM2 mirrors…ng dmeventd or progress polling...
[  110.646847] reboot: Restarting system
[    0.000000] Linux version 4.15.0-213-generic (buildd@lcy02-amd64-079) (gcc version 7.5.0 (Ubuntu 7.5.0-3ubuntu1~18.04)) #224-Ubuntu SMP Mon Jun 19 13:30:12 UTC 2023 (Ubuntu 4.15.0-213.224-generic 4.15.18)
[    0.000000] Command line: BOOT_IMAGE=/boot/vmlinuz-4.15.0-213-generic root=UUID=f685bb41-0e3b-40c4-89c1-eea0f0583525 ro console=tty1 console=ttyS0
[    0.000000] KERNEL supported cpus:
[    0.000000]   Intel GenuineIntel
[    0.000000]   AMD AuthenticAMD
[    0.000000]   Centaur CentaurHauls
[    0.000000] x86/fpu: Supporting XSAVE feature 0x001: 'x87 floating point registers'
[    0.000000] x86/fpu: Supporting XSAVE feature 0x002: 'SSE registers'
[    0.000000] x86/fpu: Supporting XSAVE feature 0x004: 'AVX registers'
[    0.000000] x86/fpu: xstate_offset[2]:  576, xstate_sizes[2]:  256
[    0.000000] x86/fpu: Enabled xstate features 0x7, context size is 832 bytes, using 'standard' format.
[    0.000000] e820: BIOS-provided physical RAM map:
[    0.000000] BIOS-e820: [mem 0x0000000000000000-0x000000000009fbff] usable
[    0.000000] BIOS-e820: [mem 0x000000000009fc00-0x000000000009ffff] reserved
[    0.000000] BIOS-e820: [mem 0x00000000000f0000-0x00000000000fffff] reserved
[    0.000000] BIOS-e820: [mem 0x0000000000100000-0x000000003ffeffff] usable
[    0.000000] BIOS-e820: [mem 0x000000003fff0000-0x000000003fffffff] ACPI data
[    0.000000] BIOS-e820: [mem 0x00000000fec00000-0x00000000fec00fff] reserved
[    0.000000] BIOS-e820: [mem 0x00000000fee00000-0x00000000fee00fff] reserved
[    0.000000] BIOS-e820: [mem 0x00000000fffc0000-0x00000000ffffffff] reserved
[    0.000000] NX (Execute Disable) protection: active
[    0.000000] SMBIOS 2.5 present.
[    0.000000] DMI: innotek GmbH VirtualBox/VirtualBox, BIOS VirtualBox 12/01/2006
[    0.000000] Hypervisor detected: KVM
[    0.000000] e820: last_pfn = 0x3fff0 max_arch_pfn = 0x400000000
[    0.000000] x86/PAT: Configuration [0-7]: WB  WC  UC- UC  WB  WP  UC- WT  
[    0.000000] found SMP MP-table at [mem 0x0009fbf0-0x0009fbff]
[    0.000000] Scanning 1 areas for low memory corruption
[    0.000000] RAMDISK: [mem 0x35819000-0x36c03fff]
[    0.000000] ACPI: Early table checksum verification disabled
[    0.000000] ACPI: RSDP 0x00000000000E0000 000024 (v02 VBOX  )
[    0.000000] ACPI: XSDT 0x000000003FFF0030 00003C (v01 VBOX   VBOXXSDT 00000001 ASL  00000061)
[    0.000000] ACPI: FACP 0x000000003FFF00F0 0000F4 (v04 VBOX   VBOXFACP 00000001 ASL  00000061)
[    0.000000] ACPI: DSDT 0x000000003FFF0610 002353 (v02 VBOX   VBOXBIOS 00000002 INTL 20240927)
[    0.000000] ACPI: FACS 0x000000003FFF0200 000040
[    0.000000] ACPI: FACS 0x000000003FFF0200 000040
[    0.000000] ACPI: APIC 0x000000003FFF0240 00005C (v02 VBOX   VBOXAPIC 00000001 ASL  00000061)
[    0.000000] ACPI: SSDT 0x000000003FFF02A0 00036C (v01 VBOX   VBOXCPUT 00000002 INTL 20240927)
[    0.000000] ACPI: Reserving FACP table memory at [mem 0x3fff00f0-0x3fff01e3]
[    0.000000] ACPI: Reserving DSDT table memory at [mem 0x3fff0610-0x3fff2962]
[    0.000000] ACPI: Reserving FACS table memory at [mem 0x3fff0200-0x3fff023f]
[    0.000000] ACPI: Reserving FACS table memory at [mem 0x3fff0200-0x3fff023f]
[    0.000000] ACPI: Reserving APIC table memory at [mem 0x3fff0240-0x3fff029b]
[    0.000000] ACPI: Reserving SSDT table memory at [mem 0x3fff02a0-0x3fff060b]
[    0.000000] No NUMA configuration found
[    0.000000] Faking a node at [mem 0x0000000000000000-0x000000003ffeffff]
[    0.000000] NODE_DATA(0) allocated [mem 0x3ffc5000-0x3ffeffff]
[    0.000000] kvm-clock: cpu 0, msr 0:3ff44001, primary cpu clock
[    0.000000] kvm-clock: Using msrs 4b564d01 and 4b564d00
[    0.000000] kvm-clock: using sched offset of 3532849691 cycles
[    0.000000] clocksource: kvm-clock: mask: 0xffffffffffffffff max_cycles: 0x1cd42e4dffb, max_idle_ns: 881590591483 ns
[    0.000000] Zone ranges:
[    0.000000]   DMA      [mem 0x0000000000001000-0x0000000000ffffff]
[    0.000000]   DMA32    [mem 0x0000000001000000-0x000000003ffeffff]
[    0.000000]   Normal   empty
[    0.000000]   Device   empty
[    0.000000] Movable zone start for each node
[    0.000000] Early memory node ranges
[    0.000000]   node   0: [mem 0x0000000000001000-0x000000000009efff]
[    0.000000]   node   0: [mem 0x0000000000100000-0x000000003ffeffff]
[    0.000000] Reserved but unavailable: 104 pages
[    0.000000] Initmem setup node 0 [mem 0x0000000000001000-0x000000003ffeffff]
[    0.000000] ACPI: PM-Timer IO Port: 0x4008
[    0.000000] IOAPIC[0]: apic_id 2, version 32, address 0xfec00000, GSI 0-23
[    0.000000] ACPI: INT_SRC_OVR (bus 0 bus_irq 0 global_irq 2 dfl dfl)
[    0.000000] ACPI: INT_SRC_OVR (bus 0 bus_irq 9 global_irq 9 low level)
[    0.000000] Using ACPI (MADT) for SMP configuration information
[    0.000000] smpboot: Allowing 2 CPUs, 0 hotplug CPUs
[    0.000000] PM: Registered nosave memory: [mem 0x00000000-0x00000fff]
[    0.000000] PM: Registered nosave memory: [mem 0x0009f000-0x0009ffff]
[    0.000000] PM: Registered nosave memory: [mem 0x000a0000-0x000effff]
[    0.000000] PM: Registered nosave memory: [mem 0x000f0000-0x000fffff]
[    0.000000] e820: [mem 0x40000000-0xfebfffff] available for PCI devices
[    0.000000] Booting paravirtualized kernel on KVM
[    0.000000] clocksource: refined-jiffies: mask: 0xffffffff max_cycles: 0xffffffff, max_idle_ns: 7645519600211568 ns
[    0.000000] setup_percpu: NR_CPUS:8192 nr_cpumask_bits:2 nr_cpu_ids:2 nr_node_ids:1
[    0.000000] percpu: Embedded 50 pages/cpu s167936 r8192 d28672 u1048576
[    0.000000] PV qspinlock hash table entries: 256 (order: 0, 4096 bytes)
[    0.000000] Built 1 zonelists, mobility grouping on.  Total pages: 257913
[    0.000000] Policy zone: DMA32
[    0.000000] Kernel command line: BOOT_IMAGE=/boot/vmlinuz-4.15.0-213-generic root=UUID=f685bb41-0e3b-40c4-89c1-eea0f0583525 ro console=tty1 console=ttyS0
[    0.000000] Memory: 981776K/1048120K available (12300K kernel code, 2477K rwdata, 4324K rodata, 2480K init, 2720K bss, 66344K reserved, 0K cma-reserved)
[    0.000000] SLUB: HWalign=64, Order=0-3, MinObjects=0, CPUs=2, Nodes=1
[    0.000000] Kernel/User page tables isolation: enabled
[    0.000000] ftrace: allocating 39508 entries in 155 pages
[    0.004000] Hierarchical RCU implementation.
[    0.004000] 	RCU restricting CPUs from NR_CPUS=8192 to nr_cpu_ids=2.
[    0.004000] 	Tasks RCU enabled.
[    0.004000] RCU: Adjusting geometry for rcu_fanout_leaf=16, nr_cpu_ids=2
[    0.004000] NR_IRQS: 524544, nr_irqs: 440, preallocated irqs: 16
[    0.004000] random: crng init done
[    0.004000] Console: colour VGA+ 80x25
[    0.004000] console [tty1] enabled
[    0.004000] console [ttyS0] enabled
[    0.004000] ACPI: Core revision 20170831
[    0.004000] ACPI: 2 ACPI AML tables successfully acquired and loaded
[    0.004000] APIC: Switch to symmetric I/O mode setup
[    0.004000] x2apic enabled
[    0.004000] Switched APIC routing to physical x2apic.
[    0.004000] ..TIMER: vector=0x30 apic1=0 pin1=2 apic2=-1 pin2=-1
[    0.004000] tsc: Detected 2111.994 MHz processor
[    0.004000] Calibrating delay loop (skipped) preset value.. 4223.98 BogoMIPS (lpj=8447976)
[    0.004000] pid_max: default: 32768 minimum: 301
[    0.004000] Security Framework initialized
[    0.004000] Yama: becoming mindful.
[    0.004000] AppArmor: AppArmor initialized
[    0.004000] Dentry cache hash table entries: 131072 (order: 8, 1048576 bytes)
[    0.004000] Inode-cache hash table entries: 65536 (order: 7, 524288 bytes)
[    0.004000] Mount-cache hash table entries: 2048 (order: 2, 16384 bytes)
[    0.004000] Mountpoint-cache hash table entries: 2048 (order: 2, 16384 bytes)
[    0.004000] Last level iTLB entries: 4KB 128, 2MB 8, 4MB 8
[    0.004000] Last level dTLB entries: 4KB 64, 2MB 0, 4MB 0, 1GB 4
[    0.004000] Spectre V1 : Mitigation: usercopy/swapgs barriers and __user pointer sanitization
[    0.004004] Spectre V2 : Mitigation: Retpolines
[    0.008002] Spectre V2 : Spectre v2 / SpectreRSB mitigation: Filling RSB on context switch
[    0.009227] Spectre V2 : Spectre v2 / SpectreRSB : Filling RSB on VMEXIT
[    0.010199] RETBleed: WARNING: Spectre v2 mitigation leaves CPU vulnerable to RETBleed attacks, data leaks possible!
[    0.012001] RETBleed: Vulnerable
[    0.012585] Speculative Store Bypass: Vulnerable
[    0.013369] MDS: Mitigation: Clear CPU buffers
[    0.014077] MMIO Stale Data: Mitigation: Clear CPU buffers
[    0.016002] SRBDS: Unknown: Dependent on hypervisor status
[    0.016989] Freeing SMP alternatives memory: 36K
[    0.132000] smpboot: CPU0: Intel(R) Core(TM) i7-8650U CPU @ 1.90GHz (family: 0x6, model: 0x8e, stepping: 0xa)
[    0.132000] Performance Events: unsupported p6 CPU model 142 no PMU driver, software events only.
[    0.132000] Hierarchical SRCU implementation.
[    0.132000] NMI watchdog: Perf event create on CPU 0 failed with -2
[    0.132001] NMI watchdog: Perf NMI watchdog permanently disabled
[    0.132896] smp: Bringing up secondary CPUs ...
[    0.133677] x86: Booting SMP configuration:
[    0.134362] .... node  #0, CPUs:      #1
[    0.004000] kvm-clock: cpu 1, msr 0:3ff44041, secondary cpu clock
[    0.136015] smp: Brought up 1 node, 2 CPUs
[    0.136714] smpboot: Max logical packages: 1
[    0.137395] smpboot: Total of 2 processors activated (8447.97 BogoMIPS)
[    0.140274] devtmpfs: initialized
[    0.140585] x86/mm: Memory block size: 128MB
[    0.141388] evm: security.selinux
[    0.141910] evm: security.SMACK64
[    0.142433] evm: security.SMACK64EXEC
[    0.143000] evm: security.SMACK64TRANSMUTE
[    0.144002] evm: security.SMACK64MMAP
[    0.144566] evm: security.apparmor
[    0.145092] evm: security.ima
[    0.145570] evm: security.capability
[    0.146160] clocksource: jiffies: mask: 0xffffffff max_cycles: 0xffffffff, max_idle_ns: 7645041785100000 ns
[    0.148005] futex hash table entries: 512 (order: 3, 32768 bytes)
[    0.148978] pinctrl core: initialized pinctrl subsystem
[    0.150102] RTC time: 17:00:54, date: 02/25/25
[    0.150947] NET: Registered protocol family 16
[    0.152070] audit: initializing netlink subsys (disabled)
[    0.152861] audit: type=2000 audit(1740502859.614:1): state=initialized audit_enabled=0 res=1
[    0.152861] cpuidle: using governor ladder
[    0.152861] cpuidle: using governor menu
[    0.153371] ACPI: bus type PCI registered
[    0.156004] acpiphp: ACPI Hot Plug PCI Controller Driver version: 0.5
[    0.157035] PCI: Using configuration type 1 for base access
[    0.157859] HugeTLB registered 2.00 MiB page size, pre-allocated 0 pages
[    0.160053] ACPI: Added _OSI(Module Device)
[    0.160734] ACPI: Added _OSI(Processor Device)
[    0.161470] ACPI: Added _OSI(3.0 _SCP Extensions)
[    0.162166] ACPI: Added _OSI(Processor Aggregator Device)
[    0.163032] ACPI: Added _OSI(Linux-Dell-Video)
[    0.164002] ACPI: Added _OSI(Linux-Lenovo-NV-HDMI-Audio)
[    0.164806] ACPI: Added _OSI(Linux-HPI-Hybrid-Graphics)
[    0.165801] ACPI: Executed 1 blocks of module-level executable AML code
[    0.170656] ACPI: Interpreter enabled
[    0.171287] ACPI: (supports S0 S5)
[    0.171879] ACPI: Using IOAPIC for interrupt routing
[    0.172234] PCI: Using host bridge windows from ACPI; if necessary, use "pci=nocrs" and report a bug
[    0.173728] ACPI: Enabled 2 GPEs in block 00 to 07
[    0.180315] ACPI: PCI Root Bridge [PCI0] (domain 0000 [bus 00-ff])
[    0.181246] acpi PNP0A03:00: _OSC: OS supports [ASPM ClockPM Segments MSI]
[    0.182704] acpi PNP0A03:00: _OSC: not requesting OS control; OS requires [ExtendedConfig ASPM ClockPM MSI]
[    0.184009] acpi PNP0A03:00: fail to add MMCONFIG information, can't access extended PCI configuration space under this bridge.
[    0.185907] PCI host bridge to bus 0000:00
[    0.186573] pci_bus 0000:00: root bus resource [io  0x0000-0x0cf7 window]
[    0.187539] pci_bus 0000:00: root bus resource [io  0x0d00-0xffff window]
[    0.188002] pci_bus 0000:00: root bus resource [mem 0x000a0000-0x000bffff window]
[    0.190208] pci_bus 0000:00: root bus resource [mem 0x40000000-0xfdffffff window]
[    0.191352] pci_bus 0000:00: root bus resource [bus 00-ff]
[    0.193368] pci 0000:00:01.1: legacy IDE quirk: reg 0x10: [io  0x01f0-0x01f7]
[    0.194385] pci 0000:00:01.1: legacy IDE quirk: reg 0x14: [io  0x03f6]
[    0.195323] pci 0000:00:01.1: legacy IDE quirk: reg 0x18: [io  0x0170-0x0177]
[    0.196002] pci 0000:00:01.1: legacy IDE quirk: reg 0x1c: [io  0x0376]
[    0.208887] pci 0000:00:07.0: quirk: [io  0x4000-0x403f] claimed by PIIX4 ACPI
[    0.210035] pci 0000:00:07.0: quirk: [io  0x4100-0x410f] claimed by PIIX4 SMB
[    0.217947] ACPI: PCI Interrupt Link [LNKA] (IRQs 5 9 10 *11)
[    0.219157] ACPI: PCI Interrupt Link [LNKB] (IRQs 5 9 *10 11)
[    0.220102] ACPI: PCI Interrupt Link [LNKC] (IRQs 5 *9 10 11)
[    0.221080] ACPI: PCI Interrupt Link [LNKD] (IRQs 5 9 10 *11)
[    0.222280] SCSI subsystem initialized
[    0.222935] pci 0000:00:02.0: vgaarb: setting as boot VGA device
[    0.222935] pci 0000:00:02.0: vgaarb: VGA device added: decodes=io+mem,owns=io+mem,locks=none
[    0.224007] pci 0000:00:02.0: vgaarb: bridge control possible
[    0.224882] vgaarb: loaded
[    0.225355] ACPI: bus type USB registered
[    0.225977] usbcore: registered new interface driver usbfs
[    0.228015] usbcore: registered new interface driver hub
[    0.228784] usbcore: registered new device driver usb
[    0.229550] EDAC MC: Ver: 3.0.0
[    0.229550] PCI: Using ACPI for IRQ routing
[    0.229550] NetLabel: Initializing
[    0.229550] NetLabel:  domain hash size = 128
[    0.232004] NetLabel:  protocols = UNLABELED CIPSOv4 CALIPSO
[    0.232873] NetLabel:  unlabeled traffic allowed by default
[    0.233755] clocksource: Switched to clocksource kvm-clock
[    0.240098] VFS: Disk quotas dquot_6.6.0
[    0.240098] VFS: Dquot-cache hash table entries: 512 (order 0, 4096 bytes)
[    0.240098] AppArmor: AppArmor Filesystem Enabled
[    0.240098] pnp: PnP ACPI init
[    0.240098] pnp: PnP ACPI: found 3 devices
[    0.253447] clocksource: acpi_pm: mask: 0xffffff max_cycles: 0xffffff, max_idle_ns: 2085701024 ns
[    0.254835] NET: Registered protocol family 2
[    0.255579] IP idents hash table entries: 16384 (order: 5, 131072 bytes)
[    0.256918] TCP established hash table entries: 8192 (order: 4, 65536 bytes)
[    0.258000] TCP bind hash table entries: 8192 (order: 5, 131072 bytes)
[    0.258922] TCP: Hash tables configured (established 8192 bind 8192)
[    0.259826] UDP hash table entries: 512 (order: 2, 16384 bytes)
[    0.260672] UDP-Lite hash table entries: 512 (order: 2, 16384 bytes)
[    0.261581] NET: Registered protocol family 1
[    0.262319] pci 0000:00:00.0: Limiting direct PCI/PCI transfers
[    0.263260] pci 0000:00:01.0: Activating ISA DMA hang workarounds
[    0.264206] pci 0000:00:02.0: Video device with shadowed ROM at [mem 0x000c0000-0x000dffff]
[    0.264666] Unpacking initramfs...
[    0.264666] Freeing initrd memory: 20396K
[    0.264666] clocksource: tsc: mask: 0xffffffffffffffff max_cycles: 0x1e7172f02f0, max_idle_ns: 440795291996 ns
[    0.264666] platform rtc_cmos: registered platform RTC device (no PNP device found)
[    0.264666] Scanning for low memory corruption every 60 seconds
[    0.498852] Initialise system trusted keyrings
[    0.499588] Key type blacklist registered
[    0.500288] workingset: timestamp_bits=36 max_order=18 bucket_order=0
[    0.502097] zbud: loaded
[    0.502984] squashfs: version 4.0 (2009/01/31) Phillip Lougher
[    0.504005] fuse init (API version 7.26)
[    0.505892] Key type asymmetric registered
[    0.506564] Asymmetric key parser 'x509' registered
[    0.507417] Block layer SCSI generic (bsg) driver version 0.4 loaded (major 246)
[    0.508651] io scheduler noop registered
[    0.509342] io scheduler deadline registered
[    0.510066] io scheduler cfq registered (default)
[    0.511059] ACPI: AC Adapter [AC] (off-line)
[    0.511740] input: Power Button as /devices/LNXSYSTM:00/LNXPWRBN:00/input/input0
[    0.512920] ACPI: Power Button [PWRF]
[    0.513535] input: Sleep Button as /devices/LNXSYSTM:00/LNXSLPBN:00/input/input1
[    0.514689] ACPI: Sleep Button [SLPF]
[    0.516149] ACPI: Battery Slot [BAT0] (battery present)
[    0.516192] Serial: 8250/16550 driver, 32 ports, IRQ sharing enabled
[    0.538369] 00:02: ttyS0 at I/O 0x3f8 (irq = 4, base_baud = 115200) is a 16550A
[    0.540693] Linux agpgart interface v0.103
[    0.542386] loop: module loaded
[    0.543420] scsi host0: ata_piix
[    0.544049] scsi host1: ata_piix
[    0.544600] ata1: PATA max UDMA/33 cmd 0x1f0 ctl 0x3f6 bmdma 0xd000 irq 14
[    0.545582] ata2: PATA max UDMA/33 cmd 0x170 ctl 0x376 bmdma 0xd008 irq 15
[    0.546676] tun: Universal TUN/TAP device driver, 1.6
[    0.547446] PPP generic driver version 2.4.2
[    0.548136] ehci_hcd: USB 2.0 'Enhanced' Host Controller (EHCI) Driver
[    0.549089] ehci-pci: EHCI PCI platform driver
[    0.549757] ehci-platform: EHCI generic platform driver
[    0.550512] ohci_hcd: USB 1.1 'Open' Host Controller (OHCI) Driver
[    0.551449] ohci-pci: OHCI PCI platform driver
[    0.552096] ohci-platform: OHCI generic platform driver
[    0.552974] uhci_hcd: USB Universal Host Controller Interface driver
[    0.553953] i8042: PNP: PS/2 Controller [PNP0303:PS2K,PNP0f03:PS2M] at 0x60,0x64 irq 1,12
[    0.555725] serio: i8042 KBD port at 0x60,0x64 irq 1
[    0.556497] serio: i8042 AUX port at 0x60,0x64 irq 12
[    0.557352] mousedev: PS/2 mouse device common for all mice
[    0.558390] input: AT Translated Set 2 keyboard as /devices/platform/i8042/serio0/input/input2
[    0.559936] rtc_cmos rtc_cmos: rtc core: registered rtc_cmos as rtc0
[    0.560897] rtc_cmos rtc_cmos: alarms up to one day, 114 bytes nvram
[    0.561790] i2c /dev entries driver
[    0.562369] device-mapper: uevent: version 1.0.3
[    0.563079] device-mapper: ioctl: 4.37.0-ioctl (2017-09-20) initialised: dm-devel@redhat.com
[    0.564396] ledtrig-cpu: registered to indicate activity on CPUs
[    0.565582] NET: Registered protocol family 10
[    0.569451] Segment Routing with IPv6
[    0.570056] NET: Registered protocol family 17
[    0.570894] Key type dns_resolver registered
[    0.571754] mce: Using 0 MCE banks
[    0.572321] RAS: Correctable Errors collector initialized.
[    0.573121] sched_clock: Marking stable (572304562, 0)->(720269318, -147964756)
[    0.574483] registered taskstats version 1
[    0.575183] Loading compiled-in X.509 certificates
[    0.577672] Loaded X.509 cert 'Build time autogenerated kernel key: cdc7189136aaa35407544516090e2034d9c28e14'
[    0.579521] Loaded X.509 cert 'Canonical Ltd. Live Patch Signing: 14df34d1a87cf37625abec039ef2bf521249b969'
[    0.581396] Loaded X.509 cert 'Canonical Ltd. Kernel Module Signing: 88f752e560a1e0737e31163a466ad7b70a850c19'
[    0.582839] blacklist: Loading compiled-in revocation X.509 certificates
[    0.583837] Loaded X.509 cert 'Canonical Ltd. Secure Boot Signing: 61482aa2830d0ab2ad5af10b7250da9033ddcef0'
[    0.585272] Loaded X.509 cert 'Canonical Ltd. Secure Boot Signing (2017): 242ade75ac4a15e50d50c84b0d45ff3eae707a03'
[    0.586742] Loaded X.509 cert 'Canonical Ltd. Secure Boot Signing (ESM 2018): 365188c1d374d6b07c3c8f240f8ef722433d6a8b'
[    0.588251] Loaded X.509 cert 'Canonical Ltd. Secure Boot Signing (2019): c0746fd6c5da3ae827864651ad66ae47fe24b3e8'
[    0.589805] Loaded X.509 cert 'Canonical Ltd. Secure Boot Signing (2021 v1): a8d54bbb3825cfb94fa13c9f8a594a195c107b8d'
[    0.591357] Loaded X.509 cert 'Canonical Ltd. Secure Boot Signing (2021 v2): 4cf046892d6fd3c9a5b03f98d845f90851dc6a8c'
[    0.592871] Loaded X.509 cert 'Canonical Ltd. Secure Boot Signing (2021 v3): 100437bb6de6e469b581e61cd66bce3ef4ed53af'
[    0.594371] Loaded X.509 cert 'Canonical Ltd. Secure Boot Signing (Ubuntu Core 2019): c1d57b8f6b743f23ee41f4f7ee292f06eecadfb9'
[    0.596012] zswap: loaded using pool lzo/zbud
[    0.599853] Key type big_key registered
[    0.600540] Key type trusted registered
[    0.602770] Key type encrypted registered
[    0.603424] AppArmor: AppArmor sha1 policy hashing enabled
[    0.604210] ima: No TPM chip found, activating TPM-bypass! (rc=-19)
[    0.605125] ima: Allocated hash algorithm: sha1
[    0.605864] evm: HMAC attrs: 0x1
[    0.606624]   Magic number: 13:618:37
[    0.607276] bdi 7:2: hash matches
[    0.607967] rtc_cmos rtc_cmos: setting system clock to 2025-02-25 17:00:55 UTC (1740502855)
[    0.609278] BIOS EDD facility v0.16 2004-Jun-25, 0 devices found
[    0.610121] EDD information not available.
[    1.175854] Freeing unused kernel image memory: 2480K
[    1.192318] Write protecting the kernel read-only data: 20480k
[    1.196524] Freeing unused kernel image memory: 2008K
[    1.199590] Freeing unused kernel image memory: 1820K
[    1.221928] x86/mm: Checked W+X mappings: passed, no W+X pages found.
[    1.223726] x86/mm: Checking user space page tables
[    1.236636] x86/mm: Checked W+X mappings: passed, no W+X pages found.
Loading, please wait...
starting version 237
[    1.294934] e1000: Intel(R) PRO/1000 Network Driver - version 7.3.21-k8-NAPI
[    1.295964] e1000: Copyright (c) 1999-2006 Intel Corporation.
[    1.306869] Fusion MPT base driver 3.04.20
[    1.307620] Copyright (c) 1999-2008 LSI Corporation
[    1.327852] Fusion MPT SPI Host driver 3.04.20
[    1.331782] AVX2 version of gcm_enc/dec engaged.
[    1.332570] AES CTR mode by8 optimization enabled
[    1.517867] input: ImExPS/2 Generic Explorer Mouse as /devices/platform/i8042/serio1/input/input4
[    2.298879] e1000 0000:00:03.0 eth0: (PCI:33MHz:32-bit) 02:3b:7b:b7:3b:2d
[    2.302624] e1000 0000:00:03.0 eth0: Intel(R) PRO/1000 Network Connection
[    2.307516] mptbase: ioc0: Initiating bringup
[    4.269598] ioc0: LSI53C1030 A0: Capabilities={Initiator}
[    8.154968] scsi host2: ioc0: LSI53C1030 A0, FwRev=00000000h, Ports=1, MaxQ=256, IRQ=20
[   12.139536] scsi 2:0:0:0: Direct-Access     VBOX     HARDDISK         1.0  PQ: 0 ANSI: 5
[   12.180477] scsi target2:0:0: Beginning Domain Validation
[   12.195990] scsi target2:0:0: Domain Validation skipping write tests
[   12.200725] scsi target2:0:0: Ending Domain Validation
[   12.204807] scsi target2:0:0: asynchronous
[   12.209412] scsi 2:0:1:0: Direct-Access     VBOX     HARDDISK         1.0  PQ: 0 ANSI: 5
[   12.408142] scsi target2:0:1: Beginning Domain Validation
[   12.410018] scsi target2:0:1: Domain Validation skipping write tests
[   12.410983] scsi target2:0:1: Ending Domain Validation
[   12.411871] scsi target2:0:1: asynchronous
[   12.415345] sd 2:0:0:0: Attached scsi generic sg0 type 0
[   12.416243] sd 2:0:0:0: [sda] 83886080 512-byte logical blocks: (42.9 GB/40.0 GiB)
[   12.417490] sd 2:0:0:0: [sda] Write Protect is off
[   12.418263] sd 2:0:1:0: Attached scsi generic sg1 type 0
[   12.418322] sd 2:0:1:0: [sdb] 20480 512-byte logical blocks: (10.5 MB/10.0 MiB)
[   12.420275] sd 2:0:1:0: [sdb] Write Protect is off
[   12.421121] sd 2:0:1:0: [sdb] Incomplete mode parameter data
[   12.422004] sd 2:0:1:0: [sdb] Assuming drive cache: write through
[   12.423214] sd 2:0:0:0: [sda] Incomplete mode parameter data
[   12.424098] sd 2:0:0:0: [sda] Assuming drive cache: write through
[   12.485619]  sda: sda1
[   12.486560] sd 2:0:0:0: [sda] Attached SCSI disk
[   12.487548] sd 2:0:1:0: [sdb] Attached SCSI disk
[   12.528411] e1000 0000:00:08.0 eth1: (PCI:33MHz:32-bit) 08:00:27:41:9b:e4
[   12.529450] e1000 0000:00:08.0 eth1: Intel(R) PRO/1000 Network Connection
[   12.531551] e1000 0000:00:08.0 enp0s8: renamed from eth1
[   12.548231] e1000 0000:00:03.0 enp0s3: renamed from eth0
Begin: Loading essential drivers ... [   14.700705] raid6: sse2x1   gen() 12675 MB/s
[   14.760100] raid6: sse2x1   xor() 12333 MB/s
[   14.815762] raid6: sse2x2   gen() 19528 MB/s
[   14.868298] raid6: sse2x2   xor() 12238 MB/s
[   14.923657] raid6: sse2x4   gen() 21493 MB/s
[   14.972065] raid6: sse2x4   xor() 11554 MB/s
[   15.023849] raid6: avx2x1   gen() 26830 MB/s
[   15.072737] raid6: avx2x1   xor() 17780 MB/s
[   15.127704] raid6: avx2x2   gen() 33656 MB/s
[   15.184126] raid6: avx2x2   xor() 23351 MB/s
[   15.239822] raid6: avx2x4   gen() 41946 MB/s
[   15.295804] raid6: avx2x4   xor() 24976 MB/s
[   15.296634] raid6: using algorithm avx2x4 gen() 41946 MB/s
[   15.297494] raid6: .... xor() 24976 MB/s, rmw enabled
[   15.298366] raid6: using avx2x2 recovery algorithm
[   15.299948] xor: automatically using best checksumming function   avx       
[   15.301664] async_tx: api initialized (async)
done.
Begin: Running /scripts/init-premount ... done.
Begin: Mounting root file system ... Begin: Running /scripts/local-top ... done.
Begin: Running /scripts/local-premount ... [   15.341998] Btrfs loaded, crc32c=crc32c-intel
Scanning for Btrfs filesystems
done.
Begin: Will now check root file system ... fsck from util-linux 2.31.1
[/sbin/fsck.ext4 (1) -- /dev/sda1] fsck.ext4 -a -C0 /dev/sda1 
cloudimg-rootfs: clean, 99775/5120000 files, 758569/10485499 blocks
done.
[   15.521081] EXT4-fs (sda1): mounted filesystem with ordered data mode. Opts: (null)
done.
Begin: Running /scripts/local-bottom ... done.
Begin: Running /scripts/init-bottom ... done.
[   15.939015] ip_tables: (C) 2000-2006 Netfilter Core Team
[   15.965779] systemd[1]: systemd 237 running in system mode. (+PAM +AUDIT +SELINUX +IMA +APPARMOR +SMACK +SYSVINIT +UTMP +LIBCRYPTSETUP +GCRYPT +GNUTLS +ACL +XZ +LZ4 +SECCOMP +BLKID +ELFUTILS +KMOD -IDN2 +IDN -PCRE2 default-hierarchy=hybrid)
[   15.979577] systemd[1]: Detected virtualization oracle.
[   15.982950] systemd[1]: Detected architecture x86-64.

Welcome to [1mUbuntu 18.04.6 LTS[0m!

[   15.993096] systemd[1]: Set hostname to <ubuntu-bionic>.
[   16.340472] systemd[1]: Reached target User and Group Name Lookups.
[[0;32m  OK  [0m] Reached target User and Group Name Lookups.
[   16.343289] systemd[1]: Set up automount Arbitrary Executable File Formats File System Automount Point.
[[0;32m  OK  [0m] Set up automount Arbitrary Executab…rmats File System Automount Point.
[   16.349423] systemd[1]: Created slice System Slice.
[[0;32m  OK  [0m] Created slice System Slice.
[   16.351772] systemd[1]: Listening on Journal Socket.
[[0;32m  OK  [0m] Listening on Journal Socket.
[   16.355032] systemd[1]: Mounting POSIX Message Queue File System...
         Mounting POSIX Message Queue File System...
[   16.369284] systemd[1]: Mounting Huge Pages File System...
         Mounting Huge Pages File System...
         Mounting Kernel Debug File System...
         Starting Create list of required st…ce nodes for the current kernel...
[[0;32m  OK  [0m] Listening on Journal Socket (/dev/log).
[[0;32m  OK  [0m] Listening on Network Service Netlink Socket.
[[0;32m  OK  [0m] Listening on udev Kernel Socket.
         Starting Load Kernel Modules...
[[0;32m  OK  [0m] Listening on Syslog Socket.
         Starting Uncomplicated firewall...
[   16.466293] Loading iSCSI transport class v2.0-870.
[[0;32m  OK  [0m] Listening on /dev/initctl Compatibility Named Pipe.
[[0;32m  OK  [0m] Listening on LVM2 metadata daemon socket.
         Starting Set the console keyboard layout...
[[0;32m  OK  [0m] Listening on fsck to fsckd communication Socket.
[[0;32m  OK  [0m] Started Forward Password Requests to Wall Directory Watch.
[[0;32m  OK  [0m] Reached target System Time Synchronized.
[[0;32m  OK  [0m] Listening on udev Control Socket.
         Starting udev Coldplug all Devices...
[[0;32m  OK  [0m] Listening on Device-mapper event daemon FIFOs.
         Starting Monitoring of LVM2 mirrors…ng dmeventd or progress polling...
[[0;32m  OK  [0m] Created slice User and Session Slice.
[   16.513725] iscsi: registered transport (tcp)
[[0;32m  OK  [0m] Created slice system-serial\x2dgetty.slice.
[[0;32m  OK  [0m] Listening on LVM2 poll daemon socket.
[[0;32m  OK  [0m] Listening on Journal Audit Socket.
         Starting Journal Service...
[[0;32m  OK  [0m] Reached target Swap.
[[0;32m  OK  [0m] Reached target Mounting snaps.
[   16.571303] iscsi: registered transport (iser)
[[0;32m  OK  [0m] Reached target Mounted snaps.
         Starting Remount Root and Kernel File Systems...
[[0;32m  OK  [0m] Reached target Slices.
[[0;32m  OK  [0m] Started Journal Service.
[[0;32m  OK  [0m] Mounted POSIX Message Queue File System.
[[0;32m  OK  [0m] Mounted Huge Pages File System.
[[0;32m  OK  [0m] Mounted Kernel Debug File System.
[[0;32m  OK  [0m] Started Create list of required sta…vice nodes for the current kernel.
[[0;32m  OK  [0m] Started Load Kernel Modules.
[[0;32m  OK  [0m] Started Uncomplicated firewall.
[[0;32m  OK  [0m] Started LVM2 metadata daemon.
         Starting Apply Kernel Variables...
         Mounting Kernel Configuration File System...
         Mounting FUSE Control File System...
         Starting Create Static Device Nodes in /dev...
[[0;32m  OK  [0m] Mounted Kernel Configuration File System.
[[0;32m  OK  [0m] Mounted FUSE Control File System.
[[0;32m  OK  [0m] Started udev Coldplug all Devices.
[[0;32m  OK  [0m] Started Remount Root and Kernel File Systems.
         Starting Load/Save Random Seed...
         Starting Flush Journal to Persistent Storage...
[[0;32m  OK  [0m] Started Monitoring of LVM2 mirrors,…sing dmeventd or progress polling.
[[0;32m  OK  [0m] Started Apply Kernel Variables.
[[0;32m  OK  [0m] Started Create Static Device Nodes in /dev.
[[0;32m  OK  [0m] Started Load/Save Random Seed.
         Starting udev Kernel Device Manager...
[[0;32m  OK  [0m] Started udev Kernel Device Manager.
[[0;32m  OK  [0m] Started Set the console keyboard layout.
[[0;32m  OK  [0m] Started Dispatch Password Requests to Console Directory Watch.
[[0;32m  OK  [0m] Reached target Local Encrypted Volumes.
[[0;32m  OK  [0m] Reached target Local File Systems (Pre).
[[0;32m  OK  [0m] Reached target Local File Systems.
         Starting ebtables ruleset management...
         Starting Set console font and keymap...
         Starting AppArmor initialization...
         Starting Tell Plymouth To Write Out Runtime Data...
[[0;32m  OK  [0m] Started Set console font and keymap.
[[0;32m  OK  [0m] Started Tell Plymouth To Write Out Runtime Data.
[[0;32m  OK  [0m] Started Flush Journal to Persistent Storage.
         Starting Create Volatile Files and Directories...
[[0;32m  OK  [0m] Started Create Volatile Files and Directories.
         Starting Update UTMP about System Boot/Shutdown...
[[0;32m  OK  [0m] Started Update UTMP about System Boot/Shutdown.
[[0;32m  OK  [0m] Started ebtables ruleset management.
[[0;32m  OK  [0m] Found device /dev/ttyS0.
[[0;32m  OK  [0m] Started AppArmor initialization.
         Starting Load AppArmor profiles managed internally by snapd...
         Starting Initial cloud-init job (pre-networking)...
         Mounting Arbitrary Executable File Formats File System...
[[0;32m  OK  [0m] Mounted Arbitrary Executable File Formats File System.
[[0;32m  OK  [0m] Listening on Load/Save RF Kill Switch Status /dev/rfkill Watch.
[[0;32m  OK  [0m] Started Load AppArmor profiles managed internally by snapd.
[   18.347037] cloud-init[555]: Cloud-init v. 23.1.2-0ubuntu0~18.04.1 running 'init-local' at Tue, 25 Feb 2025 17:01:13 +0000. Up 18.13 seconds.
[[0;32m  OK  [0m] Started Initial cloud-init job (pre-networking).
[[0;32m  OK  [0m] Reached target Network (Pre).
         Starting Network Service...
[[0;32m  OK  [0m] Started Network Service.
         Starting Network Name Resolution...
         Starting Wait for Network to be Configured...
[[0;32m  OK  [0m] Started Network Name Resolution.
[[0;32m  OK  [0m] Reached target Network.
[[0;32m  OK  [0m] Reached target Host and Network Name Lookups.
[[0;32m  OK  [0m] Started Wait for Network to be Configured.
         Starting Initial cloud-init job (metadata service crawler)...
[   21.148808] cloud-init[680]: Cloud-init v. 23.1.2-0ubuntu0~18.04.1 running 'init' at Tue, 25 Feb 2025 17:01:15 +0000. Up 20.78 seconds.
[   21.149813] cloud-init[680]: ci-info: ++++++++++++++++++++++++++++++++++++++Net device info+++++++++++++++++++++++++++++++++++++++
[   21.150815] cloud-init[680]: ci-info: +--------+------+-----------------------------+---------------+--------+-------------------+
[   21.160215] cloud-init[680]: ci-info: | Device |  Up  |           Address           |      Mask     | Scope  |     Hw-Address    |
[   21.161096] cloud-init[680]: ci-info: +--------+------+-----------------------------+---------------+--------+-------------------+
[   21.162095] cloud-init[680]: ci-info: | enp0s3 | True |          10.0.2.15          | 255.255.255.0 | global | 02:3b:7b:b7:3b:2d |
[   21.163078] cloud-init[680]: ci-info: | enp0s3 | True |  fd00::3b:7bff:feb7:3b2d/64 |       .       | global | 02:3b:7b:b7:3b:2d |
[   21.164110] cloud-init[680]: ci-info: | enp0s3 | True |  fe80::3b:7bff:feb7:3b2d/64 |       .       |  link  | 02:3b:7b:b7:3b:2d |
[   21.165194] cloud-init[680]: ci-info: | enp0s8 | True |         192.168.56.4        | 255.255.255.0 | global | 08:00:27:41:9b:e4 |
[   21.166179] cloud-init[680]: ci-info: | enp0s8 | True | fe80::a00:27ff:fe41:9be4/64 |       .       |  link  | 08:00:27:41:9b:e4 |
[   21.167157] cloud-init[680]: ci-info: |   lo   | True |          127.0.0.1          |   255.0.0.0   |  host  |         .         |
[   21.168124] cloud-init[680]: ci-info: |   lo   | True |           ::1/128           |       .       |  host  |         .         |
[   21.169117] cloud-init[680]: ci-info: +--------+------+-----------------------------+---------------+--------+-------------------+
[   21.170151] cloud-init[680]: ci-info: +++++++++++++++++++++++++++++Route IPv4 info+++++++++++++++++++++++++++++
[   21.171030] cloud-init[680]: ci-info: +-------+--------------+----------+-----------------+-----------+-------+
[   21.171903] cloud-init[680]: ci-info: | Route | Destination  | Gateway  |     Genmask     | Interface | Flags |
[   21.172715] cloud-init[680]: ci-info: +-------+--------------+----------+-----------------+-----------+-------+
[   21.173599] cloud-init[680]: ci-info: |   0   |   0.0.0.0    | 10.0.2.2 |     0.0.0.0     |   enp0s3  |   UG  |
[   21.174525] cloud-init[680]: ci-info: |   1   |   10.0.2.0   | 0.0.0.0  |  255.255.255.0  |   enp0s3  |   U   |
[   21.175456] cloud-init[680]: ci-info: |   2   |   10.0.2.2   | 0.0.0.0  | 255.255.255.255 |   enp0s3  |   UH  |
[   21.176329] cloud-init[680]: ci-info: |   3   | 192.168.56.0 | 0.0.0.0  |  255.255.255.0  |   enp0s8  |   U   |
[   21.177181] cloud-init[680]: ci-info: +-------+--------------+----------+-----------------+-----------+-------+
[   21.178093] cloud-init[680]: ci-info: +++++++++++++++++++Route IPv6 info+++++++++++++++++++
[   21.178803] cloud-init[680]: ci-info: +-------+-------------+---------+-----------+-------+
[   21.179514] cloud-init[680]: ci-info: | Route | Destination | Gateway | Interface | Flags |
[   21.180217] cloud-init[680]: ci-info: +-------+-------------+---------+-----------+-------+
[   21.180859] cloud-init[680]: ci-info: |   1   |  fd00::/64  |    ::   |   enp0s3  |   U   |
[   21.192234] cloud-init[680]: ci-info: |   2   |  fe80::/64  |    ::   |   enp0s8  |   U   |
[   21.192892] cloud-init[680]: ci-info: |   3   |  fe80::/64  |    ::   |   enp0s3  |   U   |
[   21.193621] cloud-init[680]: ci-info: |   4   |     ::/0    | fe80::2 |   enp0s3  |   UG  |
[   21.194273] cloud-init[680]: ci-info: |   6   |    local    |    ::   |   enp0s3  |   U   |
[   21.194959] cloud-init[680]: ci-info: |   7   |    local    |    ::   |   enp0s8  |   U   |
[   21.195558] cloud-init[680]: ci-info: |   8   |   ff00::/8  |    ::   |   enp0s8  |   U   |
[   21.196166] cloud-init[680]: ci-info: |   9   |   ff00::/8  |    ::   |   enp0s3  |   U   |
[   21.196872] cloud-init[680]: ci-info: +-------+-------------+---------+-----------+-------+
[[0;32m  OK  [0m] Started Initial cloud-init job (metadata service crawler).
[[0;32m  OK  [0m] Reached target System Initialization.
         Starting Socket activation for snappy daemon.
[[0;32m  OK  [0m] Started Discard unused blocks once a week.
[[0;32m  OK  [0m] Started Daily Cleanup of Temporary Directories.
[[0;32m  OK  [0m] Listening on Open-iSCSI iscsid Socket.
[[0;32m  OK  [0m] Started ACPI Events Check.
[[0;32m  OK  [0m] Started Message of the Day.
[[0;32m  OK  [0m] Reached target Paths.
         Starting LXD - unix socket.
[[0;32m  OK  [0m] Listening on D-Bus System Message Bus Socket.
[[0;32m  OK  [0m] Listening on cloud-init hotplug hook socket.
[[0;32m  OK  [0m] Listening on ACPID Listen Socket.
[[0;32m  OK  [0m] Started Daily apt download activities.
[[0;32m  OK  [0m] Started Daily apt upgrade and clean activities.
[[0;32m  OK  [0m] Reached target Timers.
[[0;32m  OK  [0m] Listening on UUID daemon activation socket.
[[0;32m  OK  [0m] Reached target Cloud-config availability.
[[0;32m  OK  [0m] Reached target Network is Online.
[[0;32m  OK  [0m] Reached target Remote File Systems (Pre).
         Mounting /vagrant...
         Starting Availability of block devices...
[[0;32m  OK  [0m] Listening on Socket activation for snappy daemon.
[[0;32m  OK  [0m] Listening on LXD - unix socket.
[[0;32m  OK  [0m] Started Availability of block devices.
[[0;32m  OK  [0m] Reached target Sockets.
[[0;32m  OK  [0m] Reached target Basic System.
[[0;32m  OK  [0m] Started irqbalance daemon.
[[0;32m  OK  [0m] Started FUSE filesystem for LXC.
[[0;32m  OK  [0m] Started Regular background program processing daemon.
         Starting Dispatcher daemon for systemd-networkd...
         Starting LXD - container startup/shutdown...
         Starting Snap Daemon...
         Starting Accounts Service...
[[0;32m  OK  [0m] Started Deferred execution scheduler.
         Starting Virtualbox guest utils...
         Starting LSB: Record successful boot for GRUB...
         Starting OpenBSD Secure Shell server...
[[0;32m  OK  [0m] Started Monitoring system and time series database.
[[0;32m  OK  [0m] Started Prometheus exporter for machine metrics.
[[0;32m  OK  [0m] Started D-Bus System Message Bus.
         Starting System Logging Service...
         Starting Login Service...
[[0;32m  OK  [0m] Reached target Login Prompts (Pre).
[[0;32m  OK  [0m] Mounted /vagrant.
[[0;32m  OK  [0m] Started LXD - container startup/shutdown.
[[0;32m  OK  [0m] Started OpenBSD Secure Shell server.
[[0;32m  OK  [0m] Started System Logging Service.
         Starting Hostname Service...
[[0;32m  OK  [0m] Reached target Remote File Systems.
         Starting LSB: automatic crash report generation...
         Starting Permit User Sessions...
[[0;32m  OK  [0m] Started Dispatcher daemon for systemd-networkd.
[[0;32m  OK  [0m] Started Login Service.
[[0;32m  OK  [0m] Started Permit User Sessions.
         Starting Hold until boot process finishes up...
         Starting Terminate Plymouth Boot Screen...
         Starting Authorization Manager...
[[0;32m  OK  [0m] Started Unattended Upgrades Shutdown.
[[0;32m  OK  [0m] Started Hold until boot process finishes up.
[[0;32m  OK  [0m] Started Serial Getty on ttyS0.
         Starting Set console scheme...
[[0;32m  OK  [0m] Started Terminate Plymouth Boot Screen.
[[0;32m  OK  [0m] Started Hostname Service.
[[0;32m  OK  [0m] Started Virtualbox guest utils.
[[0;32m  OK  [0m] Started Authorization Manager.
[[0;32m  OK  [0m] Started Set console scheme.
[[0;32m  OK  [0m] Created slice system-getty.slice.
[[0;32m  OK  [0m] Started Getty on tty1.
[[0;32m  OK  [0m] Reached target Login Prompts.
[[0;32m  OK  [0m] Started LSB: Record successful boot for GRUB.
[[0;32m  OK  [0m] Started Accounts Service.
[[0;32m  OK  [0m] Started LSB: automatic crash report generation.
[[0;32m  OK  [0m] Started Snap Daemon.
         Starting Wait until snapd is fully seeded...
         Starting Time & Date Service...
[[0;32m  OK  [0m] Started Time & Date Service.
[[0;32m  OK  [0m] Started Wait until snapd is fully seeded.
         Starting Apply the settings specified in cloud-config...
[[0;32m  OK  [0m] Reached target Multi-User System.
[[0;32m  OK  [0m] Reached target Graphical Interface.
         Starting Update UTMP about System Runlevel Changes...
[[0;32m  OK  [0m] Started Update UTMP about System Runlevel Changes.
[   23.828387] cloud-init[1226]: Cloud-init v. 23.1.2-0ubuntu0~18.04.1 running 'modules:config' at Tue, 25 Feb 2025 17:01:18 +0000. Up 23.60 seconds.
[[0;32m  OK  [0m] Started Apply the settings specified in cloud-config.
         Starting Execute cloud user/final scripts...
[   24.641240] cloud-init[1279]: Cloud-init v. 23.1.2-0ubuntu0~18.04.1 running 'modules:final' at Tue, 25 Feb 2025 17:01:19 +0000. Up 24.39 seconds.
[   24.642376] cloud-init[1279]: Cloud-init v. 23.1.2-0ubuntu0~18.04.1 finished at Tue, 25 Feb 2025 17:01:19 +0000. Datasource DataSourceNoCloud [seed=/dev/sdb][dsmode=net].  Up 24.63 seconds
[[0;32m  OK  [0m] Started Execute cloud user/final scripts.
[[0;32m  OK  [0m] Reached target Cloud-init target.

Ubuntu 18.04.6 LTS ubuntu-bionic ttyS0

ubuntu-bionic login: 